#
# There is insufficient memory for the Java Runtime Environment to continue.
# Native memory allocation (malloc) failed to allocate 32744 bytes. Error detail: Chunk::new
# Possible reasons:
#   The system is out of physical RAM or swap space
#   This process is running with CompressedOops enabled, and the Java Heap may be blocking the growth of the native heap
# Possible solutions:
#   Reduce memory load on the system
#   Increase physical memory or swap space
#   Check if swap backing store is full
#   Decrease Java heap size (-Xmx/-Xms)
#   Decrease number of Java threads
#   Decrease Java thread stack sizes (-Xss)
#   Set larger code cache with -XX:ReservedCodeCacheSize=
#   JVM is running with Zero Based Compressed Oops mode in which the Java heap is
#     placed in the first 32GB address space. The Java Heap base address is the
#     maximum limit for the native heap growth. Please use -XX:HeapBaseMinAddress
#     to set the Java Heap base and to place the Java Heap above 32GB virtual address.
# This output file may be truncated or incomplete.
#
#  Out of Memory Error (arena.cpp:168), pid=66460, tid=56868
#
# JRE version: OpenJDK Runtime Environment Temurin-21.0.9+10 (21.0.9+10) (build 21.0.9+10-LTS)
# Java VM: OpenJDK 64-Bit Server VM Temurin-21.0.9+10 (21.0.9+10-LTS, mixed mode, sharing, tiered, compressed oops, compressed class ptrs, g1 gc, windows-amd64)
# No core dump will be written. Minidumps are not enabled by default on client versions of Windows
#

---------------  S U M M A R Y ------------

Command Line: c:\Users\jason_qqtrlvq\.vscode\extensions\open-liberty.liberty-dev-vscode-ext-25.0.11\jars\liberty-langserver-2.4-jar-with-dependencies.jar

Host: Intel(R) Core(TM) i5-10600 CPU @ 3.30GHz, 12 cores, 15G,  Windows 11 , 64 bit Build 26100 (10.0.26100.7019)
Time: Thu Dec  4 09:21:04 2025 GMT Standard Time elapsed time: 71.749780 seconds (0d 0h 1m 11s)

---------------  T H R E A D  ---------------

Current thread (0x000002277019d1f0):  JavaThread "C2 CompilerThread0" daemon [_thread_in_native, id=56868, stack(0x000000b941a00000,0x000000b941b00000) (1024K)]


Current CompileTask:
C2:71749 1299       4       jdk.internal.org.objectweb.asm.SymbolTable::put (150 bytes)

Stack: [0x000000b941a00000,0x000000b941b00000]
Native frames: (J=compiled Java code, j=interpreted, Vv=VM code, C=native code)
V  [jvm.dll+0x6d6e29]
V  [jvm.dll+0x8b4b76]
V  [jvm.dll+0x8b712e]
V  [jvm.dll+0x8b7813]
V  [jvm.dll+0x283d86]
V  [jvm.dll+0xc66ed]
V  [jvm.dll+0xc6c31]
V  [jvm.dll+0x65ecbd]
V  [jvm.dll+0x65ee4b]
V  [jvm.dll+0x65ee4b]
V  [jvm.dll+0x664b1b]
V  [jvm.dll+0x665b16]
V  [jvm.dll+0x663e5b]
V  [jvm.dll+0x24be1b]
V  [jvm.dll+0x24b580]
V  [jvm.dll+0x1cb13e]
V  [jvm.dll+0x25b29d]
V  [jvm.dll+0x25982a]
V  [jvm.dll+0x3f7ea6]
V  [jvm.dll+0x85e9ad]
V  [jvm.dll+0x6d565d]
C  [ucrtbase.dll+0x37b0]
C  [KERNEL32.DLL+0x2e8d7]
C  [ntdll.dll+0x8c53c]


---------------  P R O C E S S  ---------------

Threads class SMR info:
_java_thread_list=0x0000022770422970, length=13, elements={
0x00000227701840a0, 0x0000022770187670, 0x000002277018bdf0, 0x000002277018c840,
0x0000022770196ab0, 0x000002277019ab30, 0x000002277019d1f0, 0x000002277019ec00,
0x00000227702e9b20, 0x00000227702f4770, 0x000002277038f9f0, 0x0000022770432fc0,
0x0000022753a67570
}

Java Threads: ( => current thread )
  0x00000227701840a0 JavaThread "Reference Handler"          daemon [_thread_blocked, id=52728, stack(0x000000b941400000,0x000000b941500000) (1024K)]
  0x0000022770187670 JavaThread "Finalizer"                  daemon [_thread_blocked, id=37712, stack(0x000000b941500000,0x000000b941600000) (1024K)]
  0x000002277018bdf0 JavaThread "Signal Dispatcher"          daemon [_thread_blocked, id=72248, stack(0x000000b941600000,0x000000b941700000) (1024K)]
  0x000002277018c840 JavaThread "Attach Listener"            daemon [_thread_blocked, id=69788, stack(0x000000b941700000,0x000000b941800000) (1024K)]
  0x0000022770196ab0 JavaThread "Service Thread"             daemon [_thread_blocked, id=72160, stack(0x000000b941800000,0x000000b941900000) (1024K)]
  0x000002277019ab30 JavaThread "Monitor Deflation Thread"   daemon [_thread_blocked, id=70688, stack(0x000000b941900000,0x000000b941a00000) (1024K)]
=>0x000002277019d1f0 JavaThread "C2 CompilerThread0"         daemon [_thread_in_native, id=56868, stack(0x000000b941a00000,0x000000b941b00000) (1024K)]
  0x000002277019ec00 JavaThread "C1 CompilerThread0"         daemon [_thread_in_native, id=66232, stack(0x000000b941b00000,0x000000b941c00000) (1024K)]
  0x00000227702e9b20 JavaThread "Notification Thread"        daemon [_thread_blocked, id=42644, stack(0x000000b941c00000,0x000000b941d00000) (1024K)]
  0x00000227702f4770 JavaThread "Common-Cleaner"             daemon [_thread_blocked, id=63272, stack(0x000000b941d00000,0x000000b941e00000) (1024K)]
  0x000002277038f9f0 JavaThread "pool-1-thread-1"                   [_thread_in_native, id=36164, stack(0x000000b941e00000,0x000000b941f00000) (1024K)]
  0x0000022770432fc0 JavaThread "pool-2-thread-1"                   [_thread_in_native, id=69736, stack(0x000000b941f00000,0x000000b942000000) (1024K)]
  0x0000022753a67570 JavaThread "DestroyJavaVM"                     [_thread_blocked, id=64000, stack(0x000000b940c00000,0x000000b940d00000) (1024K)]
Total: 13

Other Threads:
  0x000002277016aa80 VMThread "VM Thread"                           [id=72728, stack(0x000000b941300000,0x000000b941400000) (1024K)]
  0x0000022770155c60 WatcherThread "VM Periodic Task Thread"        [id=69672, stack(0x000000b941200000,0x000000b941300000) (1024K)]
  0x0000022755e77a90 WorkerThread "GC Thread#0"                     [id=53324, stack(0x000000b940d00000,0x000000b940e00000) (1024K)]
  0x0000022755e88800 ConcurrentGCThread "G1 Main Marker"            [id=71804, stack(0x000000b940e00000,0x000000b940f00000) (1024K)]
  0x0000022755e89210 WorkerThread "G1 Conc#0"                       [id=41684, stack(0x000000b940f00000,0x000000b941000000) (1024K)]
  0x0000022770016a10 ConcurrentGCThread "G1 Refine#0"               [id=63128, stack(0x000000b941000000,0x000000b941100000) (1024K)]
  0x0000022770017490 ConcurrentGCThread "G1 Service"                [id=42200, stack(0x000000b941100000,0x000000b941200000) (1024K)]
Total: 7

Threads with active compile tasks:
C2 CompilerThread0  73396 1299       4       jdk.internal.org.objectweb.asm.SymbolTable::put (150 bytes)
C1 CompilerThread0  73396 1318       3       java.lang.ProcessEnvironment$NameComparator::compare (90 bytes)
Total: 2

VM state: not at safepoint (normal execution)

VM Mutex/Monitor currently owned by a thread: None

Heap address: 0x0000000701800000, size: 4072 MB, Compressed Oops mode: Zero based, Oop shift amount: 3

CDS archive(s) mapped at: [0x0000022700000000-0x0000022700ba0000-0x0000022700ba0000), size 12189696, SharedBaseAddress: 0x0000022700000000, ArchiveRelocationMode: 1.
Compressed class space mapped at: 0x0000022701000000-0x0000022741000000, reserved size: 1073741824
Narrow klass base: 0x0000022700000000, Narrow klass shift: 0, Narrow klass range: 0x100000000

GC Precious Log:
 CardTable entry size: 512
 Card Set container configuration: InlinePtr #cards 4 size 8 Array Of Cards #cards 16 size 48 Howl #buckets 8 coarsen threshold 3686 Howl Bitmap #cards 512 size 80 coarsen threshold 460 Card regions per heap region 1 cards per card region 4096
 CPUs: 12 total, 12 available
 Memory: 16284M
 Large Page Support: Disabled
 NUMA Support: Disabled
 Compressed Oops: Enabled (Zero based)
 Heap Region Size: 2M
 Heap Min Capacity: 8M
 Heap Initial Capacity: 256M
 Heap Max Capacity: 4072M
 Pre-touch: Disabled
 Parallel Workers: 10
 Concurrent Workers: 3
 Concurrent Refinement Workers: 10
 Periodic GC: Disabled

Heap:
 garbage-first heap   total 262144K, used 16384K [0x0000000701800000, 0x0000000800000000)
  region size 2048K, 9 young (18432K), 0 survivors (0K)
 Metaspace       used 5639K, committed 5824K, reserved 1114112K
  class space    used 646K, committed 704K, reserved 1048576K

Heap Regions: E=young(eden), S=young(survivor), O=old, HS=humongous(starts), HC=humongous(continues), CS=collection set, F=free, TAMS=top-at-mark-start, PB=parsable bottom
|   0|0x0000000701800000, 0x0000000701800000, 0x0000000701a00000|  0%| F|  |TAMS 0x0000000701800000| PB 0x0000000701800000| Untracked 
|   1|0x0000000701a00000, 0x0000000701a00000, 0x0000000701c00000|  0%| F|  |TAMS 0x0000000701a00000| PB 0x0000000701a00000| Untracked 
|   2|0x0000000701c00000, 0x0000000701c00000, 0x0000000701e00000|  0%| F|  |TAMS 0x0000000701c00000| PB 0x0000000701c00000| Untracked 
|   3|0x0000000701e00000, 0x0000000701e00000, 0x0000000702000000|  0%| F|  |TAMS 0x0000000701e00000| PB 0x0000000701e00000| Untracked 
|   4|0x0000000702000000, 0x0000000702000000, 0x0000000702200000|  0%| F|  |TAMS 0x0000000702000000| PB 0x0000000702000000| Untracked 
|   5|0x0000000702200000, 0x0000000702200000, 0x0000000702400000|  0%| F|  |TAMS 0x0000000702200000| PB 0x0000000702200000| Untracked 
|   6|0x0000000702400000, 0x0000000702400000, 0x0000000702600000|  0%| F|  |TAMS 0x0000000702400000| PB 0x0000000702400000| Untracked 
|   7|0x0000000702600000, 0x0000000702600000, 0x0000000702800000|  0%| F|  |TAMS 0x0000000702600000| PB 0x0000000702600000| Untracked 
|   8|0x0000000702800000, 0x0000000702800000, 0x0000000702a00000|  0%| F|  |TAMS 0x0000000702800000| PB 0x0000000702800000| Untracked 
|   9|0x0000000702a00000, 0x0000000702a00000, 0x0000000702c00000|  0%| F|  |TAMS 0x0000000702a00000| PB 0x0000000702a00000| Untracked 
|  10|0x0000000702c00000, 0x0000000702c00000, 0x0000000702e00000|  0%| F|  |TAMS 0x0000000702c00000| PB 0x0000000702c00000| Untracked 
|  11|0x0000000702e00000, 0x0000000702e00000, 0x0000000703000000|  0%| F|  |TAMS 0x0000000702e00000| PB 0x0000000702e00000| Untracked 
|  12|0x0000000703000000, 0x0000000703000000, 0x0000000703200000|  0%| F|  |TAMS 0x0000000703000000| PB 0x0000000703000000| Untracked 
|  13|0x0000000703200000, 0x0000000703200000, 0x0000000703400000|  0%| F|  |TAMS 0x0000000703200000| PB 0x0000000703200000| Untracked 
|  14|0x0000000703400000, 0x0000000703400000, 0x0000000703600000|  0%| F|  |TAMS 0x0000000703400000| PB 0x0000000703400000| Untracked 
|  15|0x0000000703600000, 0x0000000703600000, 0x0000000703800000|  0%| F|  |TAMS 0x0000000703600000| PB 0x0000000703600000| Untracked 
|  16|0x0000000703800000, 0x0000000703800000, 0x0000000703a00000|  0%| F|  |TAMS 0x0000000703800000| PB 0x0000000703800000| Untracked 
|  17|0x0000000703a00000, 0x0000000703a00000, 0x0000000703c00000|  0%| F|  |TAMS 0x0000000703a00000| PB 0x0000000703a00000| Untracked 
|  18|0x0000000703c00000, 0x0000000703c00000, 0x0000000703e00000|  0%| F|  |TAMS 0x0000000703c00000| PB 0x0000000703c00000| Untracked 
|  19|0x0000000703e00000, 0x0000000703e00000, 0x0000000704000000|  0%| F|  |TAMS 0x0000000703e00000| PB 0x0000000703e00000| Untracked 
|  20|0x0000000704000000, 0x0000000704000000, 0x0000000704200000|  0%| F|  |TAMS 0x0000000704000000| PB 0x0000000704000000| Untracked 
|  21|0x0000000704200000, 0x0000000704200000, 0x0000000704400000|  0%| F|  |TAMS 0x0000000704200000| PB 0x0000000704200000| Untracked 
|  22|0x0000000704400000, 0x0000000704400000, 0x0000000704600000|  0%| F|  |TAMS 0x0000000704400000| PB 0x0000000704400000| Untracked 
|  23|0x0000000704600000, 0x0000000704600000, 0x0000000704800000|  0%| F|  |TAMS 0x0000000704600000| PB 0x0000000704600000| Untracked 
|  24|0x0000000704800000, 0x0000000704800000, 0x0000000704a00000|  0%| F|  |TAMS 0x0000000704800000| PB 0x0000000704800000| Untracked 
|  25|0x0000000704a00000, 0x0000000704a00000, 0x0000000704c00000|  0%| F|  |TAMS 0x0000000704a00000| PB 0x0000000704a00000| Untracked 
|  26|0x0000000704c00000, 0x0000000704c00000, 0x0000000704e00000|  0%| F|  |TAMS 0x0000000704c00000| PB 0x0000000704c00000| Untracked 
|  27|0x0000000704e00000, 0x0000000704e00000, 0x0000000705000000|  0%| F|  |TAMS 0x0000000704e00000| PB 0x0000000704e00000| Untracked 
|  28|0x0000000705000000, 0x0000000705000000, 0x0000000705200000|  0%| F|  |TAMS 0x0000000705000000| PB 0x0000000705000000| Untracked 
|  29|0x0000000705200000, 0x0000000705200000, 0x0000000705400000|  0%| F|  |TAMS 0x0000000705200000| PB 0x0000000705200000| Untracked 
|  30|0x0000000705400000, 0x0000000705400000, 0x0000000705600000|  0%| F|  |TAMS 0x0000000705400000| PB 0x0000000705400000| Untracked 
|  31|0x0000000705600000, 0x0000000705600000, 0x0000000705800000|  0%| F|  |TAMS 0x0000000705600000| PB 0x0000000705600000| Untracked 
|  32|0x0000000705800000, 0x0000000705800000, 0x0000000705a00000|  0%| F|  |TAMS 0x0000000705800000| PB 0x0000000705800000| Untracked 
|  33|0x0000000705a00000, 0x0000000705a00000, 0x0000000705c00000|  0%| F|  |TAMS 0x0000000705a00000| PB 0x0000000705a00000| Untracked 
|  34|0x0000000705c00000, 0x0000000705c00000, 0x0000000705e00000|  0%| F|  |TAMS 0x0000000705c00000| PB 0x0000000705c00000| Untracked 
|  35|0x0000000705e00000, 0x0000000705e00000, 0x0000000706000000|  0%| F|  |TAMS 0x0000000705e00000| PB 0x0000000705e00000| Untracked 
|  36|0x0000000706000000, 0x0000000706000000, 0x0000000706200000|  0%| F|  |TAMS 0x0000000706000000| PB 0x0000000706000000| Untracked 
|  37|0x0000000706200000, 0x0000000706200000, 0x0000000706400000|  0%| F|  |TAMS 0x0000000706200000| PB 0x0000000706200000| Untracked 
|  38|0x0000000706400000, 0x0000000706400000, 0x0000000706600000|  0%| F|  |TAMS 0x0000000706400000| PB 0x0000000706400000| Untracked 
|  39|0x0000000706600000, 0x0000000706600000, 0x0000000706800000|  0%| F|  |TAMS 0x0000000706600000| PB 0x0000000706600000| Untracked 
|  40|0x0000000706800000, 0x0000000706800000, 0x0000000706a00000|  0%| F|  |TAMS 0x0000000706800000| PB 0x0000000706800000| Untracked 
|  41|0x0000000706a00000, 0x0000000706a00000, 0x0000000706c00000|  0%| F|  |TAMS 0x0000000706a00000| PB 0x0000000706a00000| Untracked 
|  42|0x0000000706c00000, 0x0000000706c00000, 0x0000000706e00000|  0%| F|  |TAMS 0x0000000706c00000| PB 0x0000000706c00000| Untracked 
|  43|0x0000000706e00000, 0x0000000706e00000, 0x0000000707000000|  0%| F|  |TAMS 0x0000000706e00000| PB 0x0000000706e00000| Untracked 
|  44|0x0000000707000000, 0x0000000707000000, 0x0000000707200000|  0%| F|  |TAMS 0x0000000707000000| PB 0x0000000707000000| Untracked 
|  45|0x0000000707200000, 0x0000000707200000, 0x0000000707400000|  0%| F|  |TAMS 0x0000000707200000| PB 0x0000000707200000| Untracked 
|  46|0x0000000707400000, 0x0000000707400000, 0x0000000707600000|  0%| F|  |TAMS 0x0000000707400000| PB 0x0000000707400000| Untracked 
|  47|0x0000000707600000, 0x0000000707600000, 0x0000000707800000|  0%| F|  |TAMS 0x0000000707600000| PB 0x0000000707600000| Untracked 
|  48|0x0000000707800000, 0x0000000707800000, 0x0000000707a00000|  0%| F|  |TAMS 0x0000000707800000| PB 0x0000000707800000| Untracked 
|  49|0x0000000707a00000, 0x0000000707a00000, 0x0000000707c00000|  0%| F|  |TAMS 0x0000000707a00000| PB 0x0000000707a00000| Untracked 
|  50|0x0000000707c00000, 0x0000000707c00000, 0x0000000707e00000|  0%| F|  |TAMS 0x0000000707c00000| PB 0x0000000707c00000| Untracked 
|  51|0x0000000707e00000, 0x0000000707e00000, 0x0000000708000000|  0%| F|  |TAMS 0x0000000707e00000| PB 0x0000000707e00000| Untracked 
|  52|0x0000000708000000, 0x0000000708000000, 0x0000000708200000|  0%| F|  |TAMS 0x0000000708000000| PB 0x0000000708000000| Untracked 
|  53|0x0000000708200000, 0x0000000708200000, 0x0000000708400000|  0%| F|  |TAMS 0x0000000708200000| PB 0x0000000708200000| Untracked 
|  54|0x0000000708400000, 0x0000000708400000, 0x0000000708600000|  0%| F|  |TAMS 0x0000000708400000| PB 0x0000000708400000| Untracked 
|  55|0x0000000708600000, 0x0000000708600000, 0x0000000708800000|  0%| F|  |TAMS 0x0000000708600000| PB 0x0000000708600000| Untracked 
|  56|0x0000000708800000, 0x0000000708800000, 0x0000000708a00000|  0%| F|  |TAMS 0x0000000708800000| PB 0x0000000708800000| Untracked 
|  57|0x0000000708a00000, 0x0000000708a00000, 0x0000000708c00000|  0%| F|  |TAMS 0x0000000708a00000| PB 0x0000000708a00000| Untracked 
|  58|0x0000000708c00000, 0x0000000708c00000, 0x0000000708e00000|  0%| F|  |TAMS 0x0000000708c00000| PB 0x0000000708c00000| Untracked 
|  59|0x0000000708e00000, 0x0000000708e00000, 0x0000000709000000|  0%| F|  |TAMS 0x0000000708e00000| PB 0x0000000708e00000| Untracked 
|  60|0x0000000709000000, 0x0000000709000000, 0x0000000709200000|  0%| F|  |TAMS 0x0000000709000000| PB 0x0000000709000000| Untracked 
|  61|0x0000000709200000, 0x0000000709200000, 0x0000000709400000|  0%| F|  |TAMS 0x0000000709200000| PB 0x0000000709200000| Untracked 
|  62|0x0000000709400000, 0x0000000709400000, 0x0000000709600000|  0%| F|  |TAMS 0x0000000709400000| PB 0x0000000709400000| Untracked 
|  63|0x0000000709600000, 0x0000000709600000, 0x0000000709800000|  0%| F|  |TAMS 0x0000000709600000| PB 0x0000000709600000| Untracked 
|  64|0x0000000709800000, 0x0000000709800000, 0x0000000709a00000|  0%| F|  |TAMS 0x0000000709800000| PB 0x0000000709800000| Untracked 
|  65|0x0000000709a00000, 0x0000000709a00000, 0x0000000709c00000|  0%| F|  |TAMS 0x0000000709a00000| PB 0x0000000709a00000| Untracked 
|  66|0x0000000709c00000, 0x0000000709c00000, 0x0000000709e00000|  0%| F|  |TAMS 0x0000000709c00000| PB 0x0000000709c00000| Untracked 
|  67|0x0000000709e00000, 0x0000000709e00000, 0x000000070a000000|  0%| F|  |TAMS 0x0000000709e00000| PB 0x0000000709e00000| Untracked 
|  68|0x000000070a000000, 0x000000070a000000, 0x000000070a200000|  0%| F|  |TAMS 0x000000070a000000| PB 0x000000070a000000| Untracked 
|  69|0x000000070a200000, 0x000000070a200000, 0x000000070a400000|  0%| F|  |TAMS 0x000000070a200000| PB 0x000000070a200000| Untracked 
|  70|0x000000070a400000, 0x000000070a400000, 0x000000070a600000|  0%| F|  |TAMS 0x000000070a400000| PB 0x000000070a400000| Untracked 
|  71|0x000000070a600000, 0x000000070a600000, 0x000000070a800000|  0%| F|  |TAMS 0x000000070a600000| PB 0x000000070a600000| Untracked 
|  72|0x000000070a800000, 0x000000070a800000, 0x000000070aa00000|  0%| F|  |TAMS 0x000000070a800000| PB 0x000000070a800000| Untracked 
|  73|0x000000070aa00000, 0x000000070aa00000, 0x000000070ac00000|  0%| F|  |TAMS 0x000000070aa00000| PB 0x000000070aa00000| Untracked 
|  74|0x000000070ac00000, 0x000000070ac00000, 0x000000070ae00000|  0%| F|  |TAMS 0x000000070ac00000| PB 0x000000070ac00000| Untracked 
|  75|0x000000070ae00000, 0x000000070ae00000, 0x000000070b000000|  0%| F|  |TAMS 0x000000070ae00000| PB 0x000000070ae00000| Untracked 
|  76|0x000000070b000000, 0x000000070b000000, 0x000000070b200000|  0%| F|  |TAMS 0x000000070b000000| PB 0x000000070b000000| Untracked 
|  77|0x000000070b200000, 0x000000070b200000, 0x000000070b400000|  0%| F|  |TAMS 0x000000070b200000| PB 0x000000070b200000| Untracked 
|  78|0x000000070b400000, 0x000000070b400000, 0x000000070b600000|  0%| F|  |TAMS 0x000000070b400000| PB 0x000000070b400000| Untracked 
|  79|0x000000070b600000, 0x000000070b600000, 0x000000070b800000|  0%| F|  |TAMS 0x000000070b600000| PB 0x000000070b600000| Untracked 
|  80|0x000000070b800000, 0x000000070b800000, 0x000000070ba00000|  0%| F|  |TAMS 0x000000070b800000| PB 0x000000070b800000| Untracked 
|  81|0x000000070ba00000, 0x000000070ba00000, 0x000000070bc00000|  0%| F|  |TAMS 0x000000070ba00000| PB 0x000000070ba00000| Untracked 
|  82|0x000000070bc00000, 0x000000070bc00000, 0x000000070be00000|  0%| F|  |TAMS 0x000000070bc00000| PB 0x000000070bc00000| Untracked 
|  83|0x000000070be00000, 0x000000070be00000, 0x000000070c000000|  0%| F|  |TAMS 0x000000070be00000| PB 0x000000070be00000| Untracked 
|  84|0x000000070c000000, 0x000000070c000000, 0x000000070c200000|  0%| F|  |TAMS 0x000000070c000000| PB 0x000000070c000000| Untracked 
|  85|0x000000070c200000, 0x000000070c200000, 0x000000070c400000|  0%| F|  |TAMS 0x000000070c200000| PB 0x000000070c200000| Untracked 
|  86|0x000000070c400000, 0x000000070c400000, 0x000000070c600000|  0%| F|  |TAMS 0x000000070c400000| PB 0x000000070c400000| Untracked 
|  87|0x000000070c600000, 0x000000070c600000, 0x000000070c800000|  0%| F|  |TAMS 0x000000070c600000| PB 0x000000070c600000| Untracked 
|  88|0x000000070c800000, 0x000000070c800000, 0x000000070ca00000|  0%| F|  |TAMS 0x000000070c800000| PB 0x000000070c800000| Untracked 
|  89|0x000000070ca00000, 0x000000070ca00000, 0x000000070cc00000|  0%| F|  |TAMS 0x000000070ca00000| PB 0x000000070ca00000| Untracked 
|  90|0x000000070cc00000, 0x000000070cc00000, 0x000000070ce00000|  0%| F|  |TAMS 0x000000070cc00000| PB 0x000000070cc00000| Untracked 
|  91|0x000000070ce00000, 0x000000070ce00000, 0x000000070d000000|  0%| F|  |TAMS 0x000000070ce00000| PB 0x000000070ce00000| Untracked 
|  92|0x000000070d000000, 0x000000070d000000, 0x000000070d200000|  0%| F|  |TAMS 0x000000070d000000| PB 0x000000070d000000| Untracked 
|  93|0x000000070d200000, 0x000000070d200000, 0x000000070d400000|  0%| F|  |TAMS 0x000000070d200000| PB 0x000000070d200000| Untracked 
|  94|0x000000070d400000, 0x000000070d400000, 0x000000070d600000|  0%| F|  |TAMS 0x000000070d400000| PB 0x000000070d400000| Untracked 
|  95|0x000000070d600000, 0x000000070d600000, 0x000000070d800000|  0%| F|  |TAMS 0x000000070d600000| PB 0x000000070d600000| Untracked 
|  96|0x000000070d800000, 0x000000070d800000, 0x000000070da00000|  0%| F|  |TAMS 0x000000070d800000| PB 0x000000070d800000| Untracked 
|  97|0x000000070da00000, 0x000000070da00000, 0x000000070dc00000|  0%| F|  |TAMS 0x000000070da00000| PB 0x000000070da00000| Untracked 
|  98|0x000000070dc00000, 0x000000070dc00000, 0x000000070de00000|  0%| F|  |TAMS 0x000000070dc00000| PB 0x000000070dc00000| Untracked 
|  99|0x000000070de00000, 0x000000070de00000, 0x000000070e000000|  0%| F|  |TAMS 0x000000070de00000| PB 0x000000070de00000| Untracked 
| 100|0x000000070e000000, 0x000000070e000000, 0x000000070e200000|  0%| F|  |TAMS 0x000000070e000000| PB 0x000000070e000000| Untracked 
| 101|0x000000070e200000, 0x000000070e200000, 0x000000070e400000|  0%| F|  |TAMS 0x000000070e200000| PB 0x000000070e200000| Untracked 
| 102|0x000000070e400000, 0x000000070e400000, 0x000000070e600000|  0%| F|  |TAMS 0x000000070e400000| PB 0x000000070e400000| Untracked 
| 103|0x000000070e600000, 0x000000070e600000, 0x000000070e800000|  0%| F|  |TAMS 0x000000070e600000| PB 0x000000070e600000| Untracked 
| 104|0x000000070e800000, 0x000000070e800000, 0x000000070ea00000|  0%| F|  |TAMS 0x000000070e800000| PB 0x000000070e800000| Untracked 
| 105|0x000000070ea00000, 0x000000070ea00000, 0x000000070ec00000|  0%| F|  |TAMS 0x000000070ea00000| PB 0x000000070ea00000| Untracked 
| 106|0x000000070ec00000, 0x000000070ec00000, 0x000000070ee00000|  0%| F|  |TAMS 0x000000070ec00000| PB 0x000000070ec00000| Untracked 
| 107|0x000000070ee00000, 0x000000070ee00000, 0x000000070f000000|  0%| F|  |TAMS 0x000000070ee00000| PB 0x000000070ee00000| Untracked 
| 108|0x000000070f000000, 0x000000070f000000, 0x000000070f200000|  0%| F|  |TAMS 0x000000070f000000| PB 0x000000070f000000| Untracked 
| 109|0x000000070f200000, 0x000000070f200000, 0x000000070f400000|  0%| F|  |TAMS 0x000000070f200000| PB 0x000000070f200000| Untracked 
| 110|0x000000070f400000, 0x000000070f400000, 0x000000070f600000|  0%| F|  |TAMS 0x000000070f400000| PB 0x000000070f400000| Untracked 
| 111|0x000000070f600000, 0x000000070f600000, 0x000000070f800000|  0%| F|  |TAMS 0x000000070f600000| PB 0x000000070f600000| Untracked 
| 112|0x000000070f800000, 0x000000070f800000, 0x000000070fa00000|  0%| F|  |TAMS 0x000000070f800000| PB 0x000000070f800000| Untracked 
| 113|0x000000070fa00000, 0x000000070fa00000, 0x000000070fc00000|  0%| F|  |TAMS 0x000000070fa00000| PB 0x000000070fa00000| Untracked 
| 114|0x000000070fc00000, 0x000000070fc00000, 0x000000070fe00000|  0%| F|  |TAMS 0x000000070fc00000| PB 0x000000070fc00000| Untracked 
| 115|0x000000070fe00000, 0x000000070fe00000, 0x0000000710000000|  0%| F|  |TAMS 0x000000070fe00000| PB 0x000000070fe00000| Untracked 
| 116|0x0000000710000000, 0x0000000710000000, 0x0000000710200000|  0%| F|  |TAMS 0x0000000710000000| PB 0x0000000710000000| Untracked 
| 117|0x0000000710200000, 0x0000000710200000, 0x0000000710400000|  0%| F|  |TAMS 0x0000000710200000| PB 0x0000000710200000| Untracked 
| 118|0x0000000710400000, 0x0000000710400000, 0x0000000710600000|  0%| F|  |TAMS 0x0000000710400000| PB 0x0000000710400000| Untracked 
| 119|0x0000000710600000, 0x00000007106e14e0, 0x0000000710800000| 44%| E|  |TAMS 0x0000000710600000| PB 0x0000000710600000| Complete 
| 120|0x0000000710800000, 0x0000000710a00000, 0x0000000710a00000|100%| E|CS|TAMS 0x0000000710800000| PB 0x0000000710800000| Complete 
| 121|0x0000000710a00000, 0x0000000710c00000, 0x0000000710c00000|100%| E|CS|TAMS 0x0000000710a00000| PB 0x0000000710a00000| Complete 
| 122|0x0000000710c00000, 0x0000000710e00000, 0x0000000710e00000|100%| E|CS|TAMS 0x0000000710c00000| PB 0x0000000710c00000| Complete 
| 123|0x0000000710e00000, 0x0000000711000000, 0x0000000711000000|100%| E|CS|TAMS 0x0000000710e00000| PB 0x0000000710e00000| Complete 
| 124|0x0000000711000000, 0x0000000711200000, 0x0000000711200000|100%| E|CS|TAMS 0x0000000711000000| PB 0x0000000711000000| Complete 
| 125|0x0000000711200000, 0x0000000711400000, 0x0000000711400000|100%| E|CS|TAMS 0x0000000711200000| PB 0x0000000711200000| Complete 
| 126|0x0000000711400000, 0x0000000711600000, 0x0000000711600000|100%| E|CS|TAMS 0x0000000711400000| PB 0x0000000711400000| Complete 
| 127|0x0000000711600000, 0x0000000711800000, 0x0000000711800000|100%| E|CS|TAMS 0x0000000711600000| PB 0x0000000711600000| Complete 

Card table byte_map: [0x0000022768d60000,0x0000022769560000] _byte_map_base: 0x0000022765554000

Marking Bits: (CMBitMap*) 0x0000022755e780a0
 Bits: [0x0000022769560000, 0x000002276d500000)

Polling page: 0x0000022753ba0000

Metaspace:

Usage:
  Non-class:      4.88 MB used.
      Class:    646.45 KB used.
       Both:      5.51 MB used.

Virtual space:
  Non-class space:       64.00 MB reserved,       5.00 MB (  8%) committed,  1 nodes.
      Class space:        1.00 GB reserved,     704.00 KB ( <1%) committed,  1 nodes.
             Both:        1.06 GB reserved,       5.69 MB ( <1%) committed. 

Chunk freelists:
   Non-Class:  10.02 MB
       Class:  15.12 MB
        Both:  25.14 MB

MaxMetaspaceSize: unlimited
CompressedClassSpaceSize: 1.00 GB
Initial GC threshold: 21.00 MB
Current GC threshold: 21.00 MB
CDS: on
 - commit_granule_bytes: 65536.
 - commit_granule_words: 8192.
 - virtual_space_node_default_size: 8388608.
 - enlarge_chunks_in_place: 1.
 - use_allocation_guard: 0.


Internal statistics:

num_allocs_failed_limit: 0.
num_arena_births: 126.
num_arena_deaths: 0.
num_vsnodes_births: 2.
num_vsnodes_deaths: 0.
num_space_committed: 91.
num_space_uncommitted: 0.
num_chunks_returned_to_freelist: 0.
num_chunks_taken_from_freelist: 260.
num_chunk_merges: 0.
num_chunk_splits: 162.
num_chunks_enlarged: 100.
num_inconsistent_stats: 0.

CodeHeap 'non-profiled nmethods': size=120000Kb used=364Kb max_used=364Kb free=119635Kb
 bounds [0x0000022760ae0000, 0x0000022760d50000, 0x0000022768010000]
CodeHeap 'profiled nmethods': size=120000Kb used=2307Kb max_used=2307Kb free=117693Kb
 bounds [0x0000022759010000, 0x0000022759280000, 0x0000022760540000]
CodeHeap 'non-nmethods': size=5760Kb used=1299Kb max_used=1309Kb free=4461Kb
 bounds [0x0000022760540000, 0x00000227607b0000, 0x0000022760ae0000]
CodeCache: size=245760Kb, used=3970Kb, max_used=3980Kb, free=241789Kb
 total_blobs=1775, nmethods=1311, adapters=369, full_count=0
Compilation: enabled, stopped_count=0, restarted_count=0

Compilation events (20 events):
Event: 63.867 Thread 0x000002277019ec00 1290       3       sun.invoke.util.Wrapper::isIntegral (23 bytes)
Event: 63.867 Thread 0x000002277019ec00 nmethod 1290 0x000002275924bb10 code [0x000002275924bcc0, 0x000002275924bf08]
Event: 63.867 Thread 0x000002277019ec00 1291       3       sun.invoke.util.Wrapper::isNumeric (16 bytes)
Event: 63.867 Thread 0x000002277019ec00 nmethod 1291 0x000002275924bf90 code [0x000002275924c120, 0x000002275924c288]
Event: 63.867 Thread 0x000002277019ec00 1295       3       java.lang.invoke.LambdaFormBuffer::ownedCount (7 bytes)
Event: 63.867 Thread 0x000002277019ec00 nmethod 1295 0x000002275924c310 code [0x000002275924c4a0, 0x000002275924c5b0]
Event: 63.868 Thread 0x000002277019ec00 1298       3       java.lang.invoke.LambdaForm$Name::<init> (19 bytes)
Event: 63.868 Thread 0x000002277019ec00 nmethod 1298 0x000002275924c610 code [0x000002275924c840, 0x000002275924cef8]
Event: 63.869 Thread 0x000002277019ec00 1300       3       jdk.internal.org.objectweb.asm.MethodWriter::visitCode (1 bytes)
Event: 63.869 Thread 0x000002277019ec00 nmethod 1300 0x000002275924d210 code [0x000002275924d3a0, 0x000002275924d4a8]
Event: 63.870 Thread 0x000002277019ec00 1304       3       java.util.Arrays::copyOf (10 bytes)
Event: 63.870 Thread 0x000002277019ec00 nmethod 1304 0x000002275924d510 code [0x000002275924d6c0, 0x000002275924d810]
Event: 63.870 Thread 0x000002277019d1f0 nmethod 1294 0x0000022760b39f10 code [0x0000022760b3a0a0, 0x0000022760b3a428]
Event: 63.870 Thread 0x000002277019d1f0 1299       4       jdk.internal.org.objectweb.asm.SymbolTable::put (150 bytes)
Event: 63.871 Thread 0x000002277019ec00 1306       3       java.lang.invoke.InvokerBytecodeGenerator::emitLoadInsn (21 bytes)
Event: 63.871 Thread 0x000002277019ec00 nmethod 1306 0x000002275924d910 code [0x000002275924dae0, 0x000002275924dd40]
Event: 63.871 Thread 0x000002277019ec00 1307       3       java.lang.invoke.InvokerBytecodeGenerator::loadInsnOpcode (98 bytes)
Event: 63.871 Thread 0x000002277019ec00 nmethod 1307 0x000002275924de90 code [0x000002275924e100, 0x000002275924ea60]
Event: 63.871 Thread 0x000002277019ec00 1308       3       java.lang.invoke.InvokerBytecodeGenerator::emitPushArgument (150 bytes)
Event: 63.872 Thread 0x000002277019ec00 nmethod 1308 0x000002275924ed90 code [0x000002275924f080, 0x000002275924fe08]

GC Heap History (0 events):
No events

Dll operation events (6 events):
Event: 0.224 Loaded shared library c:\Users\jason_qqtrlvq\.vscode\extensions\redhat.java-1.50.0-win32-x64\jre\21.0.9-win32-x86_64\bin\java.dll
Event: 1.704 Loaded shared library C:\Users\jason_qqtrlvq\.vscode\extensions\redhat.java-1.50.0-win32-x64\jre\21.0.9-win32-x86_64\bin\net.dll
Event: 1.773 Loaded shared library C:\Users\jason_qqtrlvq\.vscode\extensions\redhat.java-1.50.0-win32-x64\jre\21.0.9-win32-x86_64\bin\nio.dll
Event: 1.952 Loaded shared library C:\Users\jason_qqtrlvq\.vscode\extensions\redhat.java-1.50.0-win32-x64\jre\21.0.9-win32-x86_64\bin\zip.dll
Event: 1.995 Loaded shared library c:\Users\jason_qqtrlvq\.vscode\extensions\redhat.java-1.50.0-win32-x64\jre\21.0.9-win32-x86_64\bin\zip.dll
Event: 2.125 Loaded shared library C:\Users\jason_qqtrlvq\.vscode\extensions\redhat.java-1.50.0-win32-x64\jre\21.0.9-win32-x86_64\bin\jimage.dll

Deoptimization events (20 events):
Event: 29.485 Thread 0x0000022770432fc0 Uncommon trap: trap_request=0xffffff45 fr.pc=0x0000022760b27d08 relative=0x00000000000007c8
Event: 29.485 Thread 0x0000022770432fc0 Uncommon trap: reason=unstable_if action=reinterpret pc=0x0000022760b27d08 method=java.util.regex.Matcher.search(I)Z @ 30 c2
Event: 29.526 Thread 0x0000022770432fc0 DEOPT PACKING pc=0x0000022760b27d08 sp=0x000000b941ffddf0
Event: 29.527 Thread 0x0000022770432fc0 DEOPT UNPACKING pc=0x0000022760594422 sp=0x000000b941ffdde0 mode 2
Event: 29.527 Thread 0x0000022770432fc0 Uncommon trap: trap_request=0xffffffde fr.pc=0x0000022760b269e4 relative=0x0000000000000304
Event: 29.527 Thread 0x0000022770432fc0 Uncommon trap: reason=class_check action=maybe_recompile pc=0x0000022760b269e4 method=java.util.regex.Pattern$BmpCharPropertyGreedy.match(Ljava/util/regex/Matcher;ILjava/lang/CharSequence;)Z @ 26 c2
Event: 29.527 Thread 0x0000022770432fc0 DEOPT PACKING pc=0x0000022760b269e4 sp=0x000000b941ffdba0
Event: 29.527 Thread 0x0000022770432fc0 DEOPT UNPACKING pc=0x0000022760594422 sp=0x000000b941ffdb58 mode 2
Event: 29.527 Thread 0x0000022770432fc0 Uncommon trap: trap_request=0xffffffde fr.pc=0x0000022760b269e4 relative=0x0000000000000304
Event: 29.527 Thread 0x0000022770432fc0 Uncommon trap: reason=class_check action=maybe_recompile pc=0x0000022760b269e4 method=java.util.regex.Pattern$BmpCharPropertyGreedy.match(Ljava/util/regex/Matcher;ILjava/lang/CharSequence;)Z @ 26 c2
Event: 29.527 Thread 0x0000022770432fc0 DEOPT PACKING pc=0x0000022760b269e4 sp=0x000000b941ffdb20
Event: 29.527 Thread 0x0000022770432fc0 DEOPT UNPACKING pc=0x0000022760594422 sp=0x000000b941ffdad8 mode 2
Event: 29.527 Thread 0x0000022770432fc0 Uncommon trap: trap_request=0xffffffde fr.pc=0x0000022760b269e4 relative=0x0000000000000304
Event: 29.527 Thread 0x0000022770432fc0 Uncommon trap: reason=class_check action=maybe_recompile pc=0x0000022760b269e4 method=java.util.regex.Pattern$BmpCharPropertyGreedy.match(Ljava/util/regex/Matcher;ILjava/lang/CharSequence;)Z @ 26 c2
Event: 29.527 Thread 0x0000022770432fc0 DEOPT PACKING pc=0x0000022760b269e4 sp=0x000000b941ffd880
Event: 29.527 Thread 0x0000022770432fc0 DEOPT UNPACKING pc=0x0000022760594422 sp=0x000000b941ffd838 mode 2
Event: 29.527 Thread 0x0000022770432fc0 Uncommon trap: trap_request=0xffffffde fr.pc=0x0000022760b269e4 relative=0x0000000000000304
Event: 29.527 Thread 0x0000022770432fc0 Uncommon trap: reason=class_check action=maybe_recompile pc=0x0000022760b269e4 method=java.util.regex.Pattern$BmpCharPropertyGreedy.match(Ljava/util/regex/Matcher;ILjava/lang/CharSequence;)Z @ 26 c2
Event: 29.527 Thread 0x0000022770432fc0 DEOPT PACKING pc=0x0000022760b269e4 sp=0x000000b941ffdba0
Event: 29.527 Thread 0x0000022770432fc0 DEOPT UNPACKING pc=0x0000022760594422 sp=0x000000b941ffdb58 mode 2

Classes loaded (20 events):
Event: 29.124 Loading class javax/xml/stream/events/EndDocument
Event: 29.124 Loading class javax/xml/stream/events/EndDocument done
Event: 29.124 Loading class com/sun/xml/internal/stream/events/EndDocumentEvent done
Event: 29.124 Loading class java/util/concurrent/CompletableFuture$AltResult
Event: 29.124 Loading class java/util/concurrent/CompletableFuture$AltResult done
Event: 29.125 Loading class java/util/concurrent/CompletableFuture$Completion
Event: 29.125 Loading class java/util/concurrent/CompletableFuture$AsynchronousCompletionTask
Event: 29.125 Loading class java/util/concurrent/CompletableFuture$AsynchronousCompletionTask done
Event: 29.125 Loading class java/util/concurrent/CompletableFuture$Completion done
Event: 63.871 Loading class java/util/StringTokenizer
Event: 63.873 Loading class java/util/StringTokenizer done
Event: 63.873 Loading class java/lang/ProcessBuilder
Event: 63.873 Loading class java/lang/ProcessBuilder done
Event: 63.873 Loading class java/lang/ProcessImpl
Event: 63.874 Loading class java/lang/Process
Event: 63.874 Loading class java/lang/Process done
Event: 63.874 Loading class java/lang/ProcessImpl done
Event: 63.874 Loading class java/lang/ProcessEnvironment
Event: 63.874 Loading class java/lang/ProcessEnvironment done
Event: 64.878 Loading class java/lang/ProcessEnvironment$NameComparator

Classes unloaded (0 events):
No events

Classes redefined (0 events):
No events

Internal exceptions (15 events):
Event: 2.524 Thread 0x0000022753a67570 Exception <a 'java/lang/NoSuchMethodError'{0x000000071128cbe0}: 'void java.lang.invoke.DirectMethodHandle$Holder.invokeStatic(java.lang.Object, java.lang.Object, java.lang.Object)'> (0x000000071128cbe0) 
thrown [s\src\hotspot\share\interpreter\linkResolver.cpp, line 773]
Event: 7.886 Thread 0x0000022753a67570 Exception <a 'java/lang/NoSuchMethodError'{0x000000071132bd60}: 'void java.lang.invoke.DirectMethodHandle$Holder.invokeStatic(java.lang.Object, java.lang.Object, java.lang.Object, java.lang.Object)'> (0x000000071132bd60) 
thrown [s\src\hotspot\share\interpreter\linkResolver.cpp, line 773]
Event: 10.535 Thread 0x0000022753a67570 Exception <a 'java/lang/NoSuchMethodError'{0x0000000710f36bf8}: 'java.lang.Object java.lang.invoke.DirectMethodHandle$Holder.newInvokeSpecial(java.lang.Object, java.lang.Object, java.lang.Object, java.lang.Object, java.lang.Object)'> (0x0000000710f36bf8) 
thrown [s\src\hotspot\share\interpreter\linkResolver.cpp, line 773]
Event: 10.543 Thread 0x0000022753a67570 Exception <a 'java/lang/NoSuchMethodError'{0x0000000710f3bbd8}: 'java.lang.Object java.lang.invoke.DirectMethodHandle$Holder.invokeInterface(java.lang.Object, java.lang.Object)'> (0x0000000710f3bbd8) 
thrown [s\src\hotspot\share\interpreter\linkResolver.cpp, line 773]
Event: 10.543 Thread 0x0000022753a67570 Exception <a 'java/lang/IncompatibleClassChangeError'{0x0000000710f3ef00}: Found class java.lang.Object, but interface was expected> (0x0000000710f3ef00) 
thrown [s\src\hotspot\share\interpreter\linkResolver.cpp, line 840]
Event: 10.544 Thread 0x0000022753a67570 Exception <a 'java/lang/IncompatibleClassChangeError'{0x0000000710f3ff20}: Found class java.lang.Object, but interface was expected> (0x0000000710f3ff20) 
thrown [s\src\hotspot\share\interpreter\linkResolver.cpp, line 840]
Event: 10.667 Thread 0x0000022753a67570 Exception <a 'java/lang/NoSuchMethodError'{0x0000000710f9d180}: 'void java.lang.invoke.DirectMethodHandle$Holder.invokeSpecial(java.lang.Object, java.lang.Object, java.lang.Object)'> (0x0000000710f9d180) 
thrown [s\src\hotspot\share\interpreter\linkResolver.cpp, line 773]
Event: 10.918 Thread 0x0000022770432fc0 Exception <a 'java/lang/NoSuchMethodError'{0x0000000710cc0d90}: 'int java.lang.invoke.DirectMethodHandle$Holder.invokeSpecial(java.lang.Object, java.lang.Object, java.lang.Object)'> (0x0000000710cc0d90) 
thrown [s\src\hotspot\share\interpreter\linkResolver.cpp, line 773]
Event: 10.930 Thread 0x0000022770432fc0 Exception <a 'java/lang/NoSuchMethodError'{0x0000000710ceafb0}: 'void java.lang.invoke.Invokers$Holder.invokeExact_MT(java.lang.Object, java.lang.Object, java.lang.Object, java.lang.Object)'> (0x0000000710ceafb0) 
thrown [s\src\hotspot\share\interpreter\linkResolver.cpp, line 773]
Event: 11.284 Thread 0x0000022770432fc0 Exception <a 'java/lang/NoSuchMethodError'{0x0000000710d4cce0}: 'void java.lang.invoke.DelegatingMethodHandle$Holder.reinvoke_L(java.lang.Object, java.lang.Object, int)'> (0x0000000710d4cce0) 
thrown [s\src\hotspot\share\interpreter\linkResolver.cpp, line 773]
Event: 11.285 Thread 0x0000022770432fc0 Exception <a 'java/lang/NoSuchMethodError'{0x0000000710d53b90}: 'int java.lang.invoke.Invokers$Holder.invokeExact_MT(java.lang.Object, java.lang.Object, java.lang.Object)'> (0x0000000710d53b90) 
thrown [s\src\hotspot\share\interpreter\linkResolver.cpp, line 773]
Event: 12.852 Thread 0x0000022770432fc0 Exception <a 'java/lang/NoSuchMethodError'{0x0000000710aad680}: 'java.lang.Object java.lang.invoke.DirectMethodHandle$Holder.invokeInterface(java.lang.Object, java.lang.Object, java.lang.Object)'> (0x0000000710aad680) 
thrown [s\src\hotspot\share\interpreter\linkResolver.cpp, line 773]
Event: 13.459 Thread 0x0000022770432fc0 Exception <a 'java/lang/NoSuchMethodError'{0x0000000710b40298}: 'java.lang.Object java.lang.invoke.DirectMethodHandle$Holder.invokeStatic(java.lang.Object, int, java.lang.Object)'> (0x0000000710b40298) 
thrown [s\src\hotspot\share\interpreter\linkResolver.cpp, line 773]
Event: 13.649 Thread 0x0000022770432fc0 Exception <a 'java/lang/ClassNotFoundException'{0x0000000710b8bec0}: sun/util/logging/resources/spi/loggingProvider> (0x0000000710b8bec0) 
thrown [s\src\hotspot\share\classfile\systemDictionary.cpp, line 312]
Event: 14.151 Thread 0x0000022770432fc0 Exception <a 'java/lang/NoSuchMethodError'{0x000000071083f700}: 'void java.lang.invoke.DirectMethodHandle$Holder.invokeVirtual(java.lang.Object, java.lang.Object)'> (0x000000071083f700) 
thrown [s\src\hotspot\share\interpreter\linkResolver.cpp, line 773]

ZGC Phase Switch (0 events):
No events

VM Operations (20 events):
Event: 15.996 Executing VM operation: Cleanup
Event: 15.996 Executing VM operation: Cleanup done
Event: 18.019 Executing VM operation: Cleanup
Event: 18.019 Executing VM operation: Cleanup done
Event: 23.075 Executing VM operation: Cleanup
Event: 23.106 Executing VM operation: Cleanup done
Event: 29.220 Executing VM operation: HandshakeAllThreads (Deoptimize)
Event: 29.220 Executing VM operation: HandshakeAllThreads (Deoptimize) done
Event: 30.220 Executing VM operation: Cleanup
Event: 30.220 Executing VM operation: Cleanup done
Event: 31.234 Executing VM operation: Cleanup
Event: 31.234 Executing VM operation: Cleanup done
Event: 32.248 Executing VM operation: Cleanup
Event: 32.248 Executing VM operation: Cleanup done
Event: 60.238 Executing VM operation: HandshakeAllThreads (HandshakeForDeflation)
Event: 60.269 Executing VM operation: HandshakeAllThreads (HandshakeForDeflation) done
Event: 60.269 Executing VM operation: RendezvousGCThreads
Event: 60.269 Executing VM operation: RendezvousGCThreads done
Event: 63.875 Executing VM operation: HandshakeAllThreads (Deoptimize)
Event: 64.877 Executing VM operation: HandshakeAllThreads (Deoptimize) done

Memory protections (0 events):
No events

Nmethod flushes (0 events):
No events

Events (15 events):
Event: 1.232 Thread 0x0000022753a67570 Thread added: 0x0000022753a67570
Event: 1.469 Thread 0x0000022753a67570 Thread added: 0x00000227701840a0
Event: 1.469 Thread 0x0000022753a67570 Thread added: 0x0000022770187670
Event: 1.471 Thread 0x0000022753a67570 Thread added: 0x000002277018bdf0
Event: 1.586 Thread 0x0000022753a67570 Thread added: 0x000002277018c840
Event: 1.590 Thread 0x0000022753a67570 Thread added: 0x0000022770196ab0
Event: 1.592 Thread 0x0000022753a67570 Thread added: 0x000002277019ab30
Event: 1.598 Thread 0x0000022753a67570 Thread added: 0x000002277019d1f0
Event: 1.598 Thread 0x0000022753a67570 Thread added: 0x000002277019ec00
Event: 1.659 Thread 0x0000022753a67570 Thread added: 0x00000227702e9b20
Event: 1.662 Thread 0x0000022753a67570 Thread added: 0x00000227702f4770
Event: 2.443 Thread 0x0000022753a67570 Thread added: 0x000002277038f9f0
Event: 10.696 Thread 0x0000022753a67570 Thread added: 0x0000022770432fc0
Event: 10.731 Thread 0x0000022753a67570 Thread exited: 0x0000022753a67570
Event: 10.760 Thread 0x0000022753a67570 Thread added: 0x0000022753a67570


Dynamic libraries:
0x00007ff652970000 - 0x00007ff65297e000 	c:\Users\jason_qqtrlvq\.vscode\extensions\redhat.java-1.50.0-win32-x64\jre\21.0.9-win32-x86_64\bin\java.exe
0x00007ffde85e0000 - 0x00007ffde8848000 	C:\WINDOWS\SYSTEM32\ntdll.dll
0x00007ffde6be0000 - 0x00007ffde6ca9000 	C:\WINDOWS\System32\KERNEL32.DLL
0x00007ffde5960000 - 0x00007ffde5d58000 	C:\WINDOWS\System32\KERNELBASE.dll
0x00007ffde5d60000 - 0x00007ffde5eab000 	C:\WINDOWS\System32\ucrtbase.dll
0x00007ffdc8190000 - 0x00007ffdc81ae000 	c:\Users\jason_qqtrlvq\.vscode\extensions\redhat.java-1.50.0-win32-x64\jre\21.0.9-win32-x86_64\bin\VCRUNTIME140.dll
0x00007ffdc8950000 - 0x00007ffdc8968000 	c:\Users\jason_qqtrlvq\.vscode\extensions\redhat.java-1.50.0-win32-x64\jre\21.0.9-win32-x86_64\bin\jli.dll
0x00007ffde6830000 - 0x00007ffde69f7000 	C:\WINDOWS\System32\USER32.dll
0x00007ffdcf280000 - 0x00007ffdcf514000 	C:\WINDOWS\WinSxS\amd64_microsoft.windows.common-controls_6595b64144ccf1df_6.0.26100.7019_none_3e06ffa0e335b8a8\COMCTL32.dll
0x00007ffde5880000 - 0x00007ffde58a7000 	C:\WINDOWS\System32\win32u.dll
0x00007ffde7940000 - 0x00007ffde796b000 	C:\WINDOWS\System32\GDI32.dll
0x00007ffde6250000 - 0x00007ffde637c000 	C:\WINDOWS\System32\gdi32full.dll
0x00007ffde58b0000 - 0x00007ffde5953000 	C:\WINDOWS\System32\msvcp_win.dll
0x00007ffde7e70000 - 0x00007ffde7f19000 	C:\WINDOWS\System32\msvcrt.dll
0x00007ffde8560000 - 0x00007ffde8591000 	C:\WINDOWS\System32\IMM32.DLL
0x00007ffdce1d0000 - 0x00007ffdce1dc000 	c:\Users\jason_qqtrlvq\.vscode\extensions\redhat.java-1.50.0-win32-x64\jre\21.0.9-win32-x86_64\bin\vcruntime140_1.dll
0x00007ffd65570000 - 0x00007ffd655fd000 	c:\Users\jason_qqtrlvq\.vscode\extensions\redhat.java-1.50.0-win32-x64\jre\21.0.9-win32-x86_64\bin\msvcp140.dll
0x00007ffd012e0000 - 0x00007ffd02080000 	c:\Users\jason_qqtrlvq\.vscode\extensions\redhat.java-1.50.0-win32-x64\jre\21.0.9-win32-x86_64\bin\server\jvm.dll
0x00007ffde6b20000 - 0x00007ffde6bd4000 	C:\WINDOWS\System32\ADVAPI32.dll
0x00007ffde82b0000 - 0x00007ffde8356000 	C:\WINDOWS\System32\sechost.dll
0x00007ffde6a00000 - 0x00007ffde6b18000 	C:\WINDOWS\System32\RPCRT4.dll
0x00007ffde8360000 - 0x00007ffde83d4000 	C:\WINDOWS\System32\WS2_32.dll
0x00007ffde5590000 - 0x00007ffde55ee000 	C:\WINDOWS\SYSTEM32\POWRPROF.dll
0x00007ffdd7d10000 - 0x00007ffdd7d45000 	C:\WINDOWS\SYSTEM32\WINMM.dll
0x00007ffddf300000 - 0x00007ffddf30b000 	C:\WINDOWS\SYSTEM32\VERSION.dll
0x00007ffde54c0000 - 0x00007ffde54d4000 	C:\WINDOWS\SYSTEM32\UMPDC.dll
0x00007ffde44b0000 - 0x00007ffde44cb000 	C:\WINDOWS\SYSTEM32\kernel.appcore.dll
0x00007ffdc8910000 - 0x00007ffdc891a000 	c:\Users\jason_qqtrlvq\.vscode\extensions\redhat.java-1.50.0-win32-x64\jre\21.0.9-win32-x86_64\bin\jimage.dll
0x00007ffdd9030000 - 0x00007ffdd9272000 	C:\WINDOWS\SYSTEM32\DBGHELP.DLL
0x00007ffde7f20000 - 0x00007ffde82ab000 	C:\WINDOWS\System32\combase.dll
0x00007ffde7000000 - 0x00007ffde70d7000 	C:\WINDOWS\System32\OLEAUT32.dll
0x00007ffdc6bd0000 - 0x00007ffdc6c0c000 	C:\WINDOWS\SYSTEM32\dbgcore.DLL
0x00007ffde5eb0000 - 0x00007ffde5f55000 	C:\WINDOWS\System32\bcryptPrimitives.dll
0x00007ffdc8150000 - 0x00007ffdc8170000 	c:\Users\jason_qqtrlvq\.vscode\extensions\redhat.java-1.50.0-win32-x64\jre\21.0.9-win32-x86_64\bin\java.dll
0x00007ffde71e0000 - 0x00007ffde792f000 	C:\WINDOWS\System32\SHELL32.dll
0x00007ffde5f60000 - 0x00007ffde60cb000 	C:\WINDOWS\System32\wintypes.dll
0x00007ffde3330000 - 0x00007ffde3b8d000 	C:\WINDOWS\SYSTEM32\windows.storage.dll
0x00007ffde7b10000 - 0x00007ffde7c02000 	C:\WINDOWS\System32\SHCORE.dll
0x00007ffde6cb0000 - 0x00007ffde6d17000 	C:\WINDOWS\System32\shlwapi.dll
0x00007ffde5650000 - 0x00007ffde5679000 	C:\WINDOWS\SYSTEM32\profapi.dll
0x00007ffd9dfd0000 - 0x00007ffd9dfe0000 	C:\Users\jason_qqtrlvq\.vscode\extensions\redhat.java-1.50.0-win32-x64\jre\21.0.9-win32-x86_64\bin\net.dll
0x00007ffddce40000 - 0x00007ffddcf68000 	C:\WINDOWS\SYSTEM32\WINHTTP.dll
0x00007ffde4a10000 - 0x00007ffde4a7b000 	C:\WINDOWS\system32\mswsock.dll
0x00007ffd94ab0000 - 0x00007ffd94ac6000 	C:\Users\jason_qqtrlvq\.vscode\extensions\redhat.java-1.50.0-win32-x64\jre\21.0.9-win32-x86_64\bin\nio.dll
0x00007ffd957b0000 - 0x00007ffd957c8000 	C:\Users\jason_qqtrlvq\.vscode\extensions\redhat.java-1.50.0-win32-x64\jre\21.0.9-win32-x86_64\bin\zip.dll

JVMTI agents: none

dbghelp: loaded successfully - version: 4.0.5 - missing functions: none
symbol engine: initialized successfully - sym options: 0x614 - pdb path: .;c:\Users\jason_qqtrlvq\.vscode\extensions\redhat.java-1.50.0-win32-x64\jre\21.0.9-win32-x86_64\bin;C:\WINDOWS\SYSTEM32;C:\WINDOWS\WinSxS\amd64_microsoft.windows.common-controls_6595b64144ccf1df_6.0.26100.7019_none_3e06ffa0e335b8a8;c:\Users\jason_qqtrlvq\.vscode\extensions\redhat.java-1.50.0-win32-x64\jre\21.0.9-win32-x86_64\bin\server

VM Arguments:
java_command: c:\Users\jason_qqtrlvq\.vscode\extensions\open-liberty.liberty-dev-vscode-ext-25.0.11\jars\liberty-langserver-2.4-jar-with-dependencies.jar
java_class_path (initial): c:\Users\jason_qqtrlvq\.vscode\extensions\open-liberty.liberty-dev-vscode-ext-25.0.11\jars\liberty-langserver-2.4-jar-with-dependencies.jar
Launcher Type: SUN_STANDARD

[Global flags]
     intx CICompilerCount                          = 4                                         {product} {ergonomic}
     uint ConcGCThreads                            = 3                                         {product} {ergonomic}
     uint G1ConcRefinementThreads                  = 10                                        {product} {ergonomic}
   size_t G1HeapRegionSize                         = 2097152                                   {product} {ergonomic}
    uintx GCDrainStackTargetSize                   = 64                                        {product} {ergonomic}
   size_t InitialHeapSize                          = 268435456                                 {product} {ergonomic}
   size_t MarkStackSize                            = 4194304                                   {product} {ergonomic}
   size_t MaxHeapSize                              = 4269801472                                {product} {ergonomic}
   size_t MaxNewSize                               = 2560622592                                {product} {ergonomic}
   size_t MinHeapDeltaBytes                        = 2097152                                   {product} {ergonomic}
   size_t MinHeapSize                              = 8388608                                   {product} {ergonomic}
    uintx NonNMethodCodeHeapSize                   = 5839372                                {pd product} {ergonomic}
    uintx NonProfiledCodeHeapSize                  = 122909434                              {pd product} {ergonomic}
    uintx ProfiledCodeHeapSize                     = 122909434                              {pd product} {ergonomic}
    uintx ReservedCodeCacheSize                    = 251658240                              {pd product} {ergonomic}
     bool SegmentedCodeCache                       = true                                      {product} {ergonomic}
   size_t SoftMaxHeapSize                          = 4269801472                             {manageable} {ergonomic}
     bool UseCompressedOops                        = true                           {product lp64_product} {ergonomic}
     bool UseG1GC                                  = true                                      {product} {ergonomic}
     bool UseLargePagesIndividualAllocation        = false                                  {pd product} {ergonomic}

Logging:
Log output configuration:
 #0: stdout all=warning uptime,level,tags foldmultilines=false
 #1: stderr all=off uptime,level,tags foldmultilines=false

Release file:
JAVA_VERSION="21.0.9" 
MODULES="java.base java.compiler java.datatransfer java.xml java.prefs java.desktop java.instrument java.logging java.management java.security.sasl java.naming java.rmi java.management.rmi java.net.http java.scripting java.security.jgss java.transaction.xa java.sql java.sql.rowset java.xml.crypto java.se java.smartcardio jdk.accessibility jdk.internal.jvmstat jdk.attach jdk.charsets jdk.internal.opt jdk.zipfs jdk.compiler jdk.crypto.ec jdk.crypto.cryptoki jdk.crypto.mscapi jdk.dynalink jdk.internal.ed jdk.editpad jdk.hotspot.agent jdk.httpserver jdk.internal.le jdk.internal.vm.ci jdk.internal.vm.compiler jdk.internal.vm.compiler.management jdk.jartool jdk.javadoc jdk.jcmd jdk.management jdk.management.agent jdk.jconsole jdk.jdeps jdk.jdwp.agent jdk.jdi jdk.jfr jdk.jshell jdk.jsobject jdk.jstatd jdk.localedata jdk.management.jfr jdk.naming.dns jdk.naming.rmi jdk.net jdk.nio.mapmode jdk.random jdk.sctp jdk.security.auth jdk.security.jgss jdk.unsupported jdk.unsupported.desktop jdk.xml.dom" 

Environment Variables:
JAVA_HOME=C:\Program Files\Java\jdk-17
CLASSPATH=.;C:\PROGRA~1\IBM\SQLLIB\java\db2java.zip;C:\PROGRA~1\IBM\SQLLIB\java\db2jcc4.jar;C:\PROGRA~1\IBM\SQLLIB\java\sqlj4.zip;C:\PROGRA~1\IBM\SQLLIB\java\db2jcc_license_cisuz.jar;C:\PROGRA~1\IBM\SQLLIB\java\db2jcc_license_cu.jar;C:\PROGRA~1\IBM\SQLLIB\bin;C:\PROGRA~1\IBM\SQLLIB\java\common.jar
PATH=C:\Program Files\Java\jdk-17\bin;C:\Users\jason\AppData\Roaming\Microsoft\Windows\Start Menu\Programs\Python 3.11\Scripts\;C:\Users\jason\AppData\Roaming\Microsoft\Windows\Start Menu\Programs\Python 3.11;C:\Program Files (x86)\Razer Chroma SDK\bin;C:\Program Files\Razer Chroma SDK\bin;C:\Program Files (x86)\Razer\ChromaBroadcast\bin;C:\Program Files\Razer\ChromaBroadcast\bin;C:\windows\system32;C:\windows;C:\windows\System32\Wbem;C:\windows\System32\WindowsPowerShell\v1.0\;C:\windows\System32\OpenSSH\;C:\Program Files (x86)\NVIDIA Corporation\PhysX\Common;C:\Program Files (x86)\Common Files\Acronis\SnapAPI\;C:\Program Files (x86)\Common Files\Acronis\VirtualFile\;C:\Program Files (x86)\Common Files\Acronis\VirtualFile64\;C:\windows\system32\config\systemprofile\AppData\Local\Microsoft\WindowsApps;C:\Program Files\Microsoft SQL Server\130\Tools\Binn\;C:\Program Files\Microsoft SQL Server\Client SDK\ODBC\170\Tools\Binn\;C:\Program Files (x86)\Microsoft Visual Studio\Shared\Python37_64\;C:\Program Files\dotnet\;C:\WINDOWS\system32;C:\WINDOWS;C:\WINDOWS\System32\Wbem;C:\WINDOWS\System32\WindowsPowerShell\v1.0\;C:\WINDOWS\System32\OpenSSH\;C:\Program Files\Git\cmd;I:\Program Files\Go\bin;C:\Program Files\ibm\gsk8\lib64;C:\Program Files (x86)\ibm\gsk8\lib;C:\PROGRA~1\IBM\SQLLIB\BIN;C:\PROGRA~1\IBM\SQLLIB\FUNCTION;C:\PROGRA~1\IBM\SQLLIB\SAMPLES\REPL;F:\Maven\apache-maven-3.9.4\bin;C:\Program Files\Docker\Docker\resources\bin;C:\Program Files (x86)\Common Files\Acronis\FileProtector\;C:\Program Files (x86)\Common Files\Acronis\FileProtector64\;C:\Program Files\NVIDIA Corporation\NVIDIA NvDLISR;C:\Program Files\OpenSSL-Win64\bin;C:\Users\jason_qqtrlvq\AppData\Local\Microsoft\WindowsApps;F:\ProgramFiles\Microsoft VS Code\bin;
USERNAME=jason_qqtrlvq
OS=Windows_NT
PROCESSOR_IDENTIFIER=Intel64 Family 6 Model 165 Stepping 3, GenuineIntel
TMP=C:\Users\jason_qqtrlvq\AppData\Local\Temp
TEMP=C:\Users\jason_qqtrlvq\AppData\Local\Temp




Periodic native trim disabled

---------------  S Y S T E M  ---------------

OS:
 Windows 11 , 64 bit Build 26100 (10.0.26100.7019)
OS uptime: 8 days 6:45 hours
Hyper-V role detected

CPU: total 12 (initial active 12) (6 cores per cpu, 2 threads per core) family 6 model 165 stepping 3 microcode 0xe0, cx8, cmov, fxsr, ht, mmx, 3dnowpref, sse, sse2, sse3, ssse3, sse4.1, sse4.2, popcnt, lzcnt, tsc, tscinvbit, avx, avx2, aes, erms, clmul, bmi1, bmi2, adx, fma, vzeroupper, clflush, clflushopt, hv, rdtscp, f16c
Processor Information for the first 12 processors :
  Max Mhz: 3312, Current Mhz: 3312, Mhz Limit: 3312

Memory: 4k page, system-wide physical 16284M (1312M free)
TotalPageFile size 65436M (AvailPageFile size 2M)
current process WorkingSet (physical memory assigned to process): 24M, peak: 35M
current process commit charge ("private bytes"): 350M, peak: 351M

vm_info: OpenJDK 64-Bit Server VM (21.0.9+10-LTS) for windows-amd64 JRE (21.0.9+10-LTS), built on 2025-10-21T00:00:00Z by "admin" with unknown MS VC++:1942

END.
