#
# There is insufficient memory for the Java Runtime Environment to continue.
# Native memory allocation (mmap) failed to map 268435456 bytes. Error detail: G1 virtual space
# Possible reasons:
#   The system is out of physical RAM or swap space
#   This process is running with CompressedOops enabled, and the Java Heap may be blocking the growth of the native heap
# Possible solutions:
#   Reduce memory load on the system
#   Increase physical memory or swap space
#   Check if swap backing store is full
#   Decrease Java heap size (-Xmx/-Xms)
#   Decrease number of Java threads
#   Decrease Java thread stack sizes (-Xss)
#   Set larger code cache with -XX:ReservedCodeCacheSize=
#   JVM is running with Zero Based Compressed Oops mode in which the Java heap is
#     placed in the first 32GB address space. The Java Heap base address is the
#     maximum limit for the native heap growth. Please use -XX:HeapBaseMinAddress
#     to set the Java Heap base and to place the Java Heap above 32GB virtual address.
# This output file may be truncated or incomplete.
#
#  Out of Memory Error (os_windows.cpp:3713), pid=36832, tid=67808
#
# JRE version:  (21.0.9+10) (build )
# Java VM: OpenJDK 64-Bit Server VM (21.0.9+10-LTS, mixed mode, sharing, tiered, compressed oops, compressed class ptrs, g1 gc, windows-amd64)
# No core dump will be written. Minidumps are not enabled by default on client versions of Windows
#

---------------  S U M M A R Y ------------

Command Line: c:\Users\jason_qqtrlvq\.vscode\extensions\open-liberty.liberty-dev-vscode-ext-25.0.11\jars\org.eclipse.lsp4jakarta.ls-0.2.5-jar-with-dependencies.jar

Host: Intel(R) Core(TM) i5-10600 CPU @ 3.30GHz, 12 cores, 15G,  Windows 11 , 64 bit Build 26100 (10.0.26100.7019)
Time: Thu Dec  4 09:21:17 2025 GMT Standard Time elapsed time: 2.832330 seconds (0d 0h 0m 2s)

---------------  T H R E A D  ---------------

Current thread (0x000002ded0da6140):  JavaThread "Unknown thread" [_thread_in_vm, id=67808, stack(0x000000e39f200000,0x000000e39f300000) (1024K)]

Stack: [0x000000e39f200000,0x000000e39f300000]
Native frames: (J=compiled Java code, j=interpreted, Vv=VM code, C=native code)
V  [jvm.dll+0x6d6e29]
V  [jvm.dll+0x8b4b76]
V  [jvm.dll+0x8b712e]
V  [jvm.dll+0x8b7813]
V  [jvm.dll+0x283d86]
V  [jvm.dll+0x6d3745]
V  [jvm.dll+0x6c747a]
V  [jvm.dll+0x35e7e8]
V  [jvm.dll+0x366426]
V  [jvm.dll+0x3b73fe]
V  [jvm.dll+0x3b76a8]
V  [jvm.dll+0x3329ec]
V  [jvm.dll+0x33353b]
V  [jvm.dll+0x87deeb]
V  [jvm.dll+0x3c4381]
V  [jvm.dll+0x867135]
V  [jvm.dll+0x457391]
V  [jvm.dll+0x458f81]
C  [jli.dll+0x52d0]
C  [ucrtbase.dll+0x37b0]
C  [KERNEL32.DLL+0x2e8d7]
C  [ntdll.dll+0x8c53c]


---------------  P R O C E S S  ---------------

Threads class SMR info:
_java_thread_list=0x00007ffd01f291c8, length=0, elements={
}

Java Threads: ( => current thread )
Total: 0

Other Threads:
  0x000002ded3296430 WorkerThread "GC Thread#0"                     [id=73612, stack(0x000000e39f300000,0x000000e39f400000) (1024K)]
  0x000002ded32e6410 ConcurrentGCThread "G1 Main Marker"            [id=68692, stack(0x000000e39f400000,0x000000e39f500000) (1024K)]
  0x000002ded32e75c0 WorkerThread "G1 Conc#0"                       [id=64492, stack(0x000000e39f500000,0x000000e39f600000) (1024K)]

[error occurred during error reporting (printing all threads), id 0xc0000005, EXCEPTION_ACCESS_VIOLATION (0xc0000005) at pc=0x00007ffd016250d7]
VM state: not at safepoint (not fully initialized)

VM Mutex/Monitor currently owned by a thread:  ([mutex/lock_event])
[0x00007ffd01f9d670] Heap_lock - owner thread: 0x000002ded0da6140

Heap address: 0x0000000701800000, size: 4072 MB, Compressed Oops mode: Zero based, Oop shift amount: 3

CDS archive(s) mapped at: [0x0000000000000000-0x0000000000000000-0x0000000000000000), size 0, SharedBaseAddress: 0x0000000800000000, ArchiveRelocationMode: 1.
Narrow klass base: 0x0000000000000000, Narrow klass shift: 0, Narrow klass range: 0x0

GC Precious Log:
 CardTable entry size: 512
 Card Set container configuration: InlinePtr #cards 4 size 8 Array Of Cards #cards 16 size 48 Howl #buckets 8 coarsen threshold 3686 Howl Bitmap #cards 512 size 80 coarsen threshold 460 Card regions per heap region 1 cards per card region 4096

Heap:
 garbage-first heap   total 0K, used 0K [0x0000000701800000, 0x0000000800000000)
  region size 2048K, 0 young (0K), 0 survivors (0K)

[error occurred during error reporting (printing heap information), id 0xc0000005, EXCEPTION_ACCESS_VIOLATION (0xc0000005) at pc=0x00007ffd01a107a9]
GC Heap History (0 events):
No events

Dll operation events (1 events):
Event: 0.652 Loaded shared library c:\Users\jason_qqtrlvq\.vscode\extensions\redhat.java-1.50.0-win32-x64\jre\21.0.9-win32-x86_64\bin\java.dll

Deoptimization events (0 events):
No events

Classes loaded (0 events):
No events

Classes unloaded (0 events):
No events

Classes redefined (0 events):
No events

Internal exceptions (0 events):
No events

ZGC Phase Switch (0 events):
No events

VM Operations (0 events):
No events

Memory protections (0 events):
No events

Nmethod flushes (0 events):
No events

Events (0 events):
No events


Dynamic libraries:
0x00007ff652970000 - 0x00007ff65297e000 	c:\Users\jason_qqtrlvq\.vscode\extensions\redhat.java-1.50.0-win32-x64\jre\21.0.9-win32-x86_64\bin\java.exe
0x00007ffde85e0000 - 0x00007ffde8848000 	C:\WINDOWS\SYSTEM32\ntdll.dll
0x00007ffde6be0000 - 0x00007ffde6ca9000 	C:\WINDOWS\System32\KERNEL32.DLL
0x00007ffde5960000 - 0x00007ffde5d58000 	C:\WINDOWS\System32\KERNELBASE.dll
0x00007ffde5d60000 - 0x00007ffde5eab000 	C:\WINDOWS\System32\ucrtbase.dll
0x00007ffdc8190000 - 0x00007ffdc81ae000 	c:\Users\jason_qqtrlvq\.vscode\extensions\redhat.java-1.50.0-win32-x64\jre\21.0.9-win32-x86_64\bin\VCRUNTIME140.dll
0x00007ffdc8950000 - 0x00007ffdc8968000 	c:\Users\jason_qqtrlvq\.vscode\extensions\redhat.java-1.50.0-win32-x64\jre\21.0.9-win32-x86_64\bin\jli.dll
0x00007ffde6830000 - 0x00007ffde69f7000 	C:\WINDOWS\System32\USER32.dll
0x00007ffde5880000 - 0x00007ffde58a7000 	C:\WINDOWS\System32\win32u.dll
0x00007ffde7940000 - 0x00007ffde796b000 	C:\WINDOWS\System32\GDI32.dll
0x00007ffde6250000 - 0x00007ffde637c000 	C:\WINDOWS\System32\gdi32full.dll
0x00007ffde58b0000 - 0x00007ffde5953000 	C:\WINDOWS\System32\msvcp_win.dll
0x00007ffdcf280000 - 0x00007ffdcf514000 	C:\WINDOWS\WinSxS\amd64_microsoft.windows.common-controls_6595b64144ccf1df_6.0.26100.7019_none_3e06ffa0e335b8a8\COMCTL32.dll
0x00007ffde7e70000 - 0x00007ffde7f19000 	C:\WINDOWS\System32\msvcrt.dll
0x00007ffde8560000 - 0x00007ffde8591000 	C:\WINDOWS\System32\IMM32.DLL
0x00007ffdce1d0000 - 0x00007ffdce1dc000 	c:\Users\jason_qqtrlvq\.vscode\extensions\redhat.java-1.50.0-win32-x64\jre\21.0.9-win32-x86_64\bin\vcruntime140_1.dll
0x00007ffd65570000 - 0x00007ffd655fd000 	c:\Users\jason_qqtrlvq\.vscode\extensions\redhat.java-1.50.0-win32-x64\jre\21.0.9-win32-x86_64\bin\msvcp140.dll
0x00007ffd012e0000 - 0x00007ffd02080000 	c:\Users\jason_qqtrlvq\.vscode\extensions\redhat.java-1.50.0-win32-x64\jre\21.0.9-win32-x86_64\bin\server\jvm.dll
0x00007ffde6b20000 - 0x00007ffde6bd4000 	C:\WINDOWS\System32\ADVAPI32.dll
0x00007ffde82b0000 - 0x00007ffde8356000 	C:\WINDOWS\System32\sechost.dll
0x00007ffde6a00000 - 0x00007ffde6b18000 	C:\WINDOWS\System32\RPCRT4.dll
0x00007ffde8360000 - 0x00007ffde83d4000 	C:\WINDOWS\System32\WS2_32.dll
0x00007ffddf300000 - 0x00007ffddf30b000 	C:\WINDOWS\SYSTEM32\VERSION.dll
0x00007ffdd7d10000 - 0x00007ffdd7d45000 	C:\WINDOWS\SYSTEM32\WINMM.dll
0x00007ffde5590000 - 0x00007ffde55ee000 	C:\WINDOWS\SYSTEM32\POWRPROF.dll
0x00007ffde54c0000 - 0x00007ffde54d4000 	C:\WINDOWS\SYSTEM32\UMPDC.dll
0x00007ffde44b0000 - 0x00007ffde44cb000 	C:\WINDOWS\SYSTEM32\kernel.appcore.dll
0x00007ffdc8910000 - 0x00007ffdc891a000 	c:\Users\jason_qqtrlvq\.vscode\extensions\redhat.java-1.50.0-win32-x64\jre\21.0.9-win32-x86_64\bin\jimage.dll
0x00007ffdd9030000 - 0x00007ffdd9272000 	C:\WINDOWS\SYSTEM32\DBGHELP.DLL
0x00007ffde7f20000 - 0x00007ffde82ab000 	C:\WINDOWS\System32\combase.dll
0x00007ffde7000000 - 0x00007ffde70d7000 	C:\WINDOWS\System32\OLEAUT32.dll
0x00007ffdc6bd0000 - 0x00007ffdc6c0c000 	C:\WINDOWS\SYSTEM32\dbgcore.DLL
0x00007ffde5eb0000 - 0x00007ffde5f55000 	C:\WINDOWS\System32\bcryptPrimitives.dll
0x00007ffdc8150000 - 0x00007ffdc8170000 	c:\Users\jason_qqtrlvq\.vscode\extensions\redhat.java-1.50.0-win32-x64\jre\21.0.9-win32-x86_64\bin\java.dll

JVMTI agents: none

dbghelp: loaded successfully - version: 4.0.5 - missing functions: none
symbol engine: initialized successfully - sym options: 0x614 - pdb path: .;c:\Users\jason_qqtrlvq\.vscode\extensions\redhat.java-1.50.0-win32-x64\jre\21.0.9-win32-x86_64\bin;C:\WINDOWS\SYSTEM32;C:\WINDOWS\WinSxS\amd64_microsoft.windows.common-controls_6595b64144ccf1df_6.0.26100.7019_none_3e06ffa0e335b8a8;c:\Users\jason_qqtrlvq\.vscode\extensions\redhat.java-1.50.0-win32-x64\jre\21.0.9-win32-x86_64\bin\server

VM Arguments:
java_command: c:\Users\jason_qqtrlvq\.vscode\extensions\open-liberty.liberty-dev-vscode-ext-25.0.11\jars\org.eclipse.lsp4jakarta.ls-0.2.5-jar-with-dependencies.jar
java_class_path (initial): c:\Users\jason_qqtrlvq\.vscode\extensions\open-liberty.liberty-dev-vscode-ext-25.0.11\jars\org.eclipse.lsp4jakarta.ls-0.2.5-jar-with-dependencies.jar
Launcher Type: SUN_STANDARD

[Global flags]
     intx CICompilerCount                          = 4                                         {product} {ergonomic}
     uint ConcGCThreads                            = 3                                         {product} {ergonomic}
     uint G1ConcRefinementThreads                  = 10                                        {product} {ergonomic}
   size_t G1HeapRegionSize                         = 2097152                                   {product} {ergonomic}
    uintx GCDrainStackTargetSize                   = 64                                        {product} {ergonomic}
   size_t InitialHeapSize                          = 268435456                                 {product} {ergonomic}
   size_t MarkStackSize                            = 4194304                                   {product} {ergonomic}
   size_t MaxHeapSize                              = 4269801472                                {product} {ergonomic}
   size_t MinHeapDeltaBytes                        = 2097152                                   {product} {ergonomic}
   size_t MinHeapSize                              = 8388608                                   {product} {ergonomic}
    uintx NonNMethodCodeHeapSize                   = 5839372                                {pd product} {ergonomic}
    uintx NonProfiledCodeHeapSize                  = 122909434                              {pd product} {ergonomic}
    uintx ProfiledCodeHeapSize                     = 122909434                              {pd product} {ergonomic}
    uintx ReservedCodeCacheSize                    = 251658240                              {pd product} {ergonomic}
     bool SegmentedCodeCache                       = true                                      {product} {ergonomic}
   size_t SoftMaxHeapSize                          = 4269801472                             {manageable} {ergonomic}
     bool UseCompressedOops                        = true                           {product lp64_product} {ergonomic}
     bool UseG1GC                                  = true                                      {product} {ergonomic}
     bool UseLargePagesIndividualAllocation        = false                                  {pd product} {ergonomic}

Logging:
Log output configuration:
 #0: stdout all=warning uptime,level,tags foldmultilines=false
 #1: stderr all=off uptime,level,tags foldmultilines=false

Release file:
<release file has not been read>
Environment Variables:
JAVA_HOME=C:\Program Files\Java\jdk-17
CLASSPATH=.;C:\PROGRA~1\IBM\SQLLIB\java\db2java.zip;C:\PROGRA~1\IBM\SQLLIB\java\db2jcc4.jar;C:\PROGRA~1\IBM\SQLLIB\java\sqlj4.zip;C:\PROGRA~1\IBM\SQLLIB\java\db2jcc_license_cisuz.jar;C:\PROGRA~1\IBM\SQLLIB\java\db2jcc_license_cu.jar;C:\PROGRA~1\IBM\SQLLIB\bin;C:\PROGRA~1\IBM\SQLLIB\java\common.jar
PATH=C:\Program Files\Java\jdk-17\bin;C:\Users\jason\AppData\Roaming\Microsoft\Windows\Start Menu\Programs\Python 3.11\Scripts\;C:\Users\jason\AppData\Roaming\Microsoft\Windows\Start Menu\Programs\Python 3.11;C:\Program Files (x86)\Razer Chroma SDK\bin;C:\Program Files\Razer Chroma SDK\bin;C:\Program Files (x86)\Razer\ChromaBroadcast\bin;C:\Program Files\Razer\ChromaBroadcast\bin;C:\windows\system32;C:\windows;C:\windows\System32\Wbem;C:\windows\System32\WindowsPowerShell\v1.0\;C:\windows\System32\OpenSSH\;C:\Program Files (x86)\NVIDIA Corporation\PhysX\Common;C:\Program Files (x86)\Common Files\Acronis\SnapAPI\;C:\Program Files (x86)\Common Files\Acronis\VirtualFile\;C:\Program Files (x86)\Common Files\Acronis\VirtualFile64\;C:\windows\system32\config\systemprofile\AppData\Local\Microsoft\WindowsApps;C:\Program Files\Microsoft SQL Server\130\Tools\Binn\;C:\Program Files\Microsoft SQL Server\Client SDK\ODBC\170\Tools\Binn\;C:\Program Files (x86)\Microsoft Visual Studio\Shared\Python37_64\;C:\Program Files\dotnet\;C:\WINDOWS\system32;C:\WINDOWS;C:\WINDOWS\System32\Wbem;C:\WINDOWS\System32\WindowsPowerShell\v1.0\;C:\WINDOWS\System32\OpenSSH\;C:\Program Files\Git\cmd;I:\Program Files\Go\bin;C:\Program Files\ibm\gsk8\lib64;C:\Program Files (x86)\ibm\gsk8\lib;C:\PROGRA~1\IBM\SQLLIB\BIN;C:\PROGRA~1\IBM\SQLLIB\FUNCTION;C:\PROGRA~1\IBM\SQLLIB\SAMPLES\REPL;F:\Maven\apache-maven-3.9.4\bin;C:\Program Files\Docker\Docker\resources\bin;C:\Program Files (x86)\Common Files\Acronis\FileProtector\;C:\Program Files (x86)\Common Files\Acronis\FileProtector64\;C:\Program Files\NVIDIA Corporation\NVIDIA NvDLISR;C:\Program Files\OpenSSL-Win64\bin;C:\Users\jason_qqtrlvq\AppData\Local\Microsoft\WindowsApps;F:\ProgramFiles\Microsoft VS Code\bin;
USERNAME=jason_qqtrlvq
OS=Windows_NT
PROCESSOR_IDENTIFIER=Intel64 Family 6 Model 165 Stepping 3, GenuineIntel
TMP=C:\Users\jason_qqtrlvq\AppData\Local\Temp
TEMP=C:\Users\jason_qqtrlvq\AppData\Local\Temp




Periodic native trim disabled

---------------  S Y S T E M  ---------------

OS:
 Windows 11 , 64 bit Build 26100 (10.0.26100.7019)
OS uptime: 8 days 6:46 hours
Hyper-V role detected

CPU: total 12 (initial active 12) (6 cores per cpu, 2 threads per core) family 6 model 165 stepping 3 microcode 0xe0, cx8, cmov, fxsr, ht, mmx, 3dnowpref, sse, sse2, sse3, ssse3, sse4.1, sse4.2, popcnt, lzcnt, tsc, tscinvbit, avx, avx2, aes, erms, clmul, bmi1, bmi2, adx, fma, vzeroupper, clflush, clflushopt, hv, rdtscp, f16c
Processor Information for the first 12 processors :
  Max Mhz: 3312, Current Mhz: 3312, Mhz Limit: 3312

Memory: 4k page, system-wide physical 16284M (1022M free)
TotalPageFile size 65436M (AvailPageFile size 157M)
current process WorkingSet (physical memory assigned to process): 14M, peak: 14M
current process commit charge ("private bytes"): 64M, peak: 320M

vm_info: OpenJDK 64-Bit Server VM (21.0.9+10-LTS) for windows-amd64 JRE (21.0.9+10-LTS), built on 2025-10-21T00:00:00Z by "admin" with unknown MS VC++:1942

END.
