#
# There is insufficient memory for the Java Runtime Environment to continue.
# Native memory allocation (malloc) failed to allocate 1048576 bytes. Error detail: AllocateHeap
# Possible reasons:
#   The system is out of physical RAM or swap space
#   This process is running with CompressedOops enabled, and the Java Heap may be blocking the growth of the native heap
# Possible solutions:
#   Reduce memory load on the system
#   Increase physical memory or swap space
#   Check if swap backing store is full
#   Decrease Java heap size (-Xmx/-Xms)
#   Decrease number of Java threads
#   Decrease Java thread stack sizes (-Xss)
#   Set larger code cache with -XX:ReservedCodeCacheSize=
#   JVM is running with Zero Based Compressed Oops mode in which the Java heap is
#     placed in the first 32GB address space. The Java Heap base address is the
#     maximum limit for the native heap growth. Please use -XX:HeapBaseMinAddress
#     to set the Java Heap base and to place the Java Heap above 32GB virtual address.
# This output file may be truncated or incomplete.
#
#  Out of Memory Error (allocation.cpp:44), pid=63472, tid=63352
#
# JRE version: OpenJDK Runtime Environment Temurin-21.0.9+10 (21.0.9+10) (build 21.0.9+10-LTS)
# Java VM: OpenJDK 64-Bit Server VM Temurin-21.0.9+10 (21.0.9+10-LTS, mixed mode, sharing, tiered, compressed oops, compressed class ptrs, g1 gc, windows-amd64)
# No core dump will be written. Minidumps are not enabled by default on client versions of Windows
#

---------------  S U M M A R Y ------------

Command Line: c:\Users\jason_qqtrlvq\.vscode\extensions\open-liberty.liberty-dev-vscode-ext-25.0.11\jars\org.eclipse.lsp4jakarta.ls-0.2.5-jar-with-dependencies.jar

Host: Intel(R) Core(TM) i5-10600 CPU @ 3.30GHz, 12 cores, 15G,  Windows 11 , 64 bit Build 26100 (10.0.26100.7019)
Time: Thu Dec  4 09:21:05 2025 GMT Standard Time elapsed time: 66.007728 seconds (0d 0h 1m 6s)

---------------  T H R E A D  ---------------

Current thread (0x0000029c9f649030):  VMThread "VM Thread"          [id=63352, stack(0x000000deb1800000,0x000000deb1900000) (1024K)]

Stack: [0x000000deb1800000,0x000000deb1900000]
Native frames: (J=compiled Java code, j=interpreted, Vv=VM code, C=native code)
V  [jvm.dll+0x6d6e29]
V  [jvm.dll+0x8b4b76]
V  [jvm.dll+0x8b712e]
V  [jvm.dll+0x8b7813]
V  [jvm.dll+0x283d86]
V  [jvm.dll+0xc1277]
V  [jvm.dll+0x34f262]
V  [jvm.dll+0x349b4e]
V  [jvm.dll+0x332487]
V  [jvm.dll+0x3746f4]
V  [jvm.dll+0x8bd500]
V  [jvm.dll+0x8be8a4]
V  [jvm.dll+0x8bede0]
V  [jvm.dll+0x8bf083]
V  [jvm.dll+0x85e9ad]
V  [jvm.dll+0x6d565d]
C  [ucrtbase.dll+0x37b0]
C  [KERNEL32.DLL+0x2e8d7]
C  [ntdll.dll+0x8c53c]

VM_Operation (0x000000deb23fecf0): G1CollectFull, mode: safepoint, requested by thread 0x0000029c9f8a3830


---------------  P R O C E S S  ---------------

Threads class SMR info:
_java_thread_list=0x0000029c9fa4e2d0, length=13, elements={
0x0000029c9f666af0, 0x0000029c9f667150, 0x0000029c9f66d240, 0x0000029c9f66f230,
0x0000029c9f66f9c0, 0x0000029c9f670020, 0x0000029c9f671650, 0x0000029c9f686030,
0x0000029c9f82d290, 0x0000029c9f833ed0, 0x0000029c9f8a3830, 0x0000029c9f761630,
0x0000029c852ff190
}

Java Threads: ( => current thread )
  0x0000029c9f666af0 JavaThread "Reference Handler"          daemon [_thread_blocked, id=72896, stack(0x000000deb1900000,0x000000deb1a00000) (1024K)]
  0x0000029c9f667150 JavaThread "Finalizer"                  daemon [_thread_blocked, id=34904, stack(0x000000deb1a00000,0x000000deb1b00000) (1024K)]
  0x0000029c9f66d240 JavaThread "Signal Dispatcher"          daemon [_thread_blocked, id=73452, stack(0x000000deb1b00000,0x000000deb1c00000) (1024K)]
  0x0000029c9f66f230 JavaThread "Attach Listener"            daemon [_thread_blocked, id=59728, stack(0x000000deb1c00000,0x000000deb1d00000) (1024K)]
  0x0000029c9f66f9c0 JavaThread "Service Thread"             daemon [_thread_blocked, id=65784, stack(0x000000deb1d00000,0x000000deb1e00000) (1024K)]
  0x0000029c9f670020 JavaThread "Monitor Deflation Thread"   daemon [_thread_blocked, id=63676, stack(0x000000deb1e00000,0x000000deb1f00000) (1024K)]
  0x0000029c9f671650 JavaThread "C2 CompilerThread0"         daemon [_thread_blocked, id=68148, stack(0x000000deb1f00000,0x000000deb2000000) (1024K)]
  0x0000029c9f686030 JavaThread "C1 CompilerThread0"         daemon [_thread_blocked, id=71728, stack(0x000000deb2000000,0x000000deb2100000) (1024K)]
  0x0000029c9f82d290 JavaThread "Notification Thread"        daemon [_thread_blocked, id=66968, stack(0x000000deb2100000,0x000000deb2200000) (1024K)]
  0x0000029c9f833ed0 JavaThread "Common-Cleaner"             daemon [_thread_blocked, id=38944, stack(0x000000deb2200000,0x000000deb2300000) (1024K)]
  0x0000029c9f8a3830 JavaThread "pool-2-thread-1"                   [_thread_blocked, id=72068, stack(0x000000deb2300000,0x000000deb2400000) (1024K)]
  0x0000029c9f761630 JavaThread "pool-3-thread-1"                   [_thread_in_native, id=63252, stack(0x000000deb2400000,0x000000deb2500000) (1024K)]
  0x0000029c852ff190 JavaThread "DestroyJavaVM"                     [_thread_blocked, id=44112, stack(0x000000deb1100000,0x000000deb1200000) (1024K)]
Total: 13

Other Threads:
=>0x0000029c9f649030 VMThread "VM Thread"                           [id=63352, stack(0x000000deb1800000,0x000000deb1900000) (1024K)]
  0x0000029c9f633250 WatcherThread "VM Periodic Task Thread"        [id=72280, stack(0x000000deb1700000,0x000000deb1800000) (1024K)]
  0x0000029c85365ec0 WorkerThread "GC Thread#0"                     [id=72692, stack(0x000000deb1200000,0x000000deb1300000) (1024K)]
  0x0000029c9f9fc6d0 WorkerThread "GC Thread#1"                     [id=52408, stack(0x000000deb2500000,0x000000deb2600000) (1024K)]
  0x0000029c9fa03ec0 WorkerThread "GC Thread#2"                     [id=14220, stack(0x000000deb2600000,0x000000deb2700000) (1024K)]
  0x0000029c9fa04260 WorkerThread "GC Thread#3"                     [id=59240, stack(0x000000deb2700000,0x000000deb2800000) (1024K)]
  0x0000029c9f7f8190 WorkerThread "GC Thread#4"                     [id=51380, stack(0x000000deb2800000,0x000000deb2900000) (1024K)]
  0x0000029c9f9ffa10 WorkerThread "GC Thread#5"                     [id=70976, stack(0x000000deb2900000,0x000000deb2a00000) (1024K)]
  0x0000029c9f787dd0 WorkerThread "GC Thread#6"                     [id=70056, stack(0x000000deb2a00000,0x000000deb2b00000) (1024K)]
  0x0000029c8537a260 ConcurrentGCThread "G1 Main Marker"            [id=49020, stack(0x000000deb1300000,0x000000deb1400000) (1024K)]
  0x0000029c8537ac70 WorkerThread "G1 Conc#0"                       [id=54624, stack(0x000000deb1400000,0x000000deb1500000) (1024K)]
  0x0000029c9f4f25e0 ConcurrentGCThread "G1 Refine#0"               [id=51080, stack(0x000000deb1500000,0x000000deb1600000) (1024K)]
  0x0000029c9f4f2e00 ConcurrentGCThread "G1 Service"                [id=66644, stack(0x000000deb1600000,0x000000deb1700000) (1024K)]
Total: 13

Threads with active compile tasks:
Total: 0

VM state: at safepoint (normal execution)

VM Mutex/Monitor currently owned by a thread:  ([mutex/lock_event])
[0x00007ffd01f9d570] Threads_lock - owner thread: 0x0000029c9f649030
[0x00007ffd01f9d670] Heap_lock - owner thread: 0x0000029c9f8a3830

Heap address: 0x0000000701800000, size: 4072 MB, Compressed Oops mode: Zero based, Oop shift amount: 3

CDS archive(s) mapped at: [0x0000029ca0000000-0x0000029ca0ba0000-0x0000029ca0ba0000), size 12189696, SharedBaseAddress: 0x0000029ca0000000, ArchiveRelocationMode: 1.
Compressed class space mapped at: 0x0000029ca1000000-0x0000029ce1000000, reserved size: 1073741824
Narrow klass base: 0x0000029ca0000000, Narrow klass shift: 0, Narrow klass range: 0x100000000

GC Precious Log:
 CardTable entry size: 512
 Card Set container configuration: InlinePtr #cards 4 size 8 Array Of Cards #cards 16 size 48 Howl #buckets 8 coarsen threshold 3686 Howl Bitmap #cards 512 size 80 coarsen threshold 460 Card regions per heap region 1 cards per card region 4096
 CPUs: 12 total, 12 available
 Memory: 16284M
 Large Page Support: Disabled
 NUMA Support: Disabled
 Compressed Oops: Enabled (Zero based)
 Heap Region Size: 2M
 Heap Min Capacity: 8M
 Heap Initial Capacity: 256M
 Heap Max Capacity: 4072M
 Pre-touch: Disabled
 Parallel Workers: 10
 Concurrent Workers: 3
 Concurrent Refinement Workers: 10
 Periodic GC: Disabled

Heap:
 garbage-first heap   total 40960K, used 3349K [0x0000000701800000, 0x0000000800000000)
  region size 2048K, 1 young (2048K), 0 survivors (0K)
 Metaspace       used 4860K, committed 5120K, reserved 1114112K
  class space    used 571K, committed 704K, reserved 1048576K

Heap Regions: E=young(eden), S=young(survivor), O=old, HS=humongous(starts), HC=humongous(continues), CS=collection set, F=free, TAMS=top-at-mark-start, PB=parsable bottom
|   0|0x0000000701800000, 0x000000070192e6a0, 0x0000000701a00000| 59%| O|  |TAMS 0x0000000701800000| PB 0x0000000701800000| Untracked 
|   1|0x0000000701a00000, 0x0000000701b4ae50, 0x0000000701c00000| 64%| O|  |TAMS 0x0000000701a00000| PB 0x0000000701a00000| Untracked 
|   2|0x0000000701c00000, 0x0000000701c2c058, 0x0000000701e00000|  8%| O|  |TAMS 0x0000000701c00000| PB 0x0000000701c00000| Untracked 
|   3|0x0000000701e00000, 0x0000000701e3ad90, 0x0000000702000000| 11%| O|  |TAMS 0x0000000701e00000| PB 0x0000000701e00000| Untracked 
|   4|0x0000000702000000, 0x0000000702027330, 0x0000000702200000|  7%| O|  |TAMS 0x0000000702000000| PB 0x0000000702000000| Untracked 
|   5|0x0000000702200000, 0x000000070223df38, 0x0000000702400000| 12%| O|  |TAMS 0x0000000702200000| PB 0x0000000702200000| Untracked 
|   6|0x0000000702400000, 0x0000000702400000, 0x0000000702600000|  0%| F|  |TAMS 0x0000000702400000| PB 0x0000000702400000| Untracked 
|   7|0x0000000702600000, 0x0000000702600000, 0x0000000702800000|  0%| F|  |TAMS 0x0000000702600000| PB 0x0000000702600000| Untracked 
|   8|0x0000000702800000, 0x0000000702800000, 0x0000000702a00000|  0%| F|  |TAMS 0x0000000702800000| PB 0x0000000702800000| Untracked 
|   9|0x0000000702a00000, 0x0000000702a00000, 0x0000000702c00000|  0%| F|  |TAMS 0x0000000702a00000| PB 0x0000000702a00000| Untracked 
|  10|0x0000000702c00000, 0x0000000702c00000, 0x0000000702e00000|  0%| F|  |TAMS 0x0000000702c00000| PB 0x0000000702c00000| Untracked 
|  11|0x0000000702e00000, 0x0000000702e00000, 0x0000000703000000|  0%| F|  |TAMS 0x0000000702e00000| PB 0x0000000702e00000| Untracked 
|  12|0x0000000703000000, 0x0000000703000000, 0x0000000703200000|  0%| F|  |TAMS 0x0000000703000000| PB 0x0000000703000000| Untracked 
|  13|0x0000000703200000, 0x0000000703200000, 0x0000000703400000|  0%| F|  |TAMS 0x0000000703200000| PB 0x0000000703200000| Untracked 
|  14|0x0000000703400000, 0x0000000703400000, 0x0000000703600000|  0%| F|  |TAMS 0x0000000703400000| PB 0x0000000703400000| Untracked 
|  15|0x0000000703600000, 0x0000000703600000, 0x0000000703800000|  0%| F|  |TAMS 0x0000000703600000| PB 0x0000000703600000| Untracked 
|  16|0x0000000703800000, 0x0000000703800000, 0x0000000703a00000|  0%| F|  |TAMS 0x0000000703800000| PB 0x0000000703800000| Untracked 
|  17|0x0000000703a00000, 0x0000000703a00000, 0x0000000703c00000|  0%| F|  |TAMS 0x0000000703a00000| PB 0x0000000703a00000| Untracked 
|  18|0x0000000703c00000, 0x0000000703c00000, 0x0000000703e00000|  0%| F|  |TAMS 0x0000000703c00000| PB 0x0000000703c00000| Untracked 
|  19|0x0000000703e00000, 0x0000000703e70a70, 0x0000000704000000| 22%| E|  |TAMS 0x0000000703e00000| PB 0x0000000703e00000| Complete 

Card table byte_map: [0x0000029c98250000,0x0000029c98a50000] _byte_map_base: 0x0000029c94a44000

Marking Bits: (CMBitMap*) 0x0000029c853684e0
 Bits: [0x0000029c98a50000, 0x0000029c9c9f0000)

Polling page: 0x0000029c830f0000

Metaspace:

Usage:
  Non-class:      4.19 MB used.
      Class:    571.66 KB used.
       Both:      4.75 MB used.

Virtual space:
  Non-class space:       64.00 MB reserved,       4.31 MB (  7%) committed,  1 nodes.
      Class space:        1.00 GB reserved,     704.00 KB ( <1%) committed,  1 nodes.
             Both:        1.06 GB reserved,       5.00 MB ( <1%) committed. 

Chunk freelists:
   Non-Class:  9.97 MB
       Class:  15.36 MB
        Both:  25.33 MB

MaxMetaspaceSize: unlimited
CompressedClassSpaceSize: 1.00 GB
Initial GC threshold: 21.00 MB
Current GC threshold: 21.00 MB
CDS: on
 - commit_granule_bytes: 65536.
 - commit_granule_words: 8192.
 - virtual_space_node_default_size: 8388608.
 - enlarge_chunks_in_place: 1.
 - use_allocation_guard: 0.


Internal statistics:

num_allocs_failed_limit: 0.
num_arena_births: 136.
num_arena_deaths: 0.
num_vsnodes_births: 2.
num_vsnodes_deaths: 0.
num_space_committed: 80.
num_space_uncommitted: 0.
num_chunks_returned_to_freelist: 0.
num_chunks_taken_from_freelist: 266.
num_chunk_merges: 0.
num_chunk_splits: 169.
num_chunks_enlarged: 110.
num_inconsistent_stats: 0.

CodeHeap 'non-profiled nmethods': size=120000Kb used=343Kb max_used=343Kb free=119656Kb
 bounds [0x0000029c8ffd0000, 0x0000029c90240000, 0x0000029c97500000]
CodeHeap 'profiled nmethods': size=120000Kb used=2147Kb max_used=2147Kb free=117853Kb
 bounds [0x0000029c88500000, 0x0000029c88770000, 0x0000029c8fa30000]
CodeHeap 'non-nmethods': size=5760Kb used=1297Kb max_used=1310Kb free=4462Kb
 bounds [0x0000029c8fa30000, 0x0000029c8fca0000, 0x0000029c8ffd0000]
CodeCache: size=245760Kb, used=3787Kb, max_used=3800Kb, free=241971Kb
 total_blobs=1680, nmethods=1218, adapters=367, full_count=0
Compilation: enabled, stopped_count=0, restarted_count=0

Compilation events (20 events):
Event: 35.885 Thread 0x0000029c9f686030 1223       3       java.lang.invoke.InvokerBytecodeGenerator::getInternalName (103 bytes)
Event: 35.886 Thread 0x0000029c9f686030 nmethod 1223 0x0000029c88715b90 code [0x0000029c88715da0, 0x0000029c887162d8]
Event: 35.907 Thread 0x0000029c9f686030 1224       3       java.util.ImmutableCollections$Set12$1::next (95 bytes)
Event: 35.907 Thread 0x0000029c9f686030 nmethod 1224 0x0000029c88716410 code [0x0000029c887165e0, 0x0000029c887168c8]
Event: 35.914 Thread 0x0000029c9f686030 1226       3       java.lang.invoke.MethodHandleStatics::dumper (4 bytes)
Event: 35.914 Thread 0x0000029c9f686030 nmethod 1226 0x0000029c88716a10 code [0x0000029c88716ba0, 0x0000029c88716c98]
Event: 35.914 Thread 0x0000029c9f686030 1227       3       jdk.internal.org.objectweb.asm.MethodWriter::visitCode (1 bytes)
Event: 35.914 Thread 0x0000029c9f686030 nmethod 1227 0x0000029c88716d10 code [0x0000029c88716ea0, 0x0000029c88716fa8]
Event: 35.977 Thread 0x0000029c9f686030 1228       3       java.lang.invoke.MemberName::isCallerSensitive (8 bytes)
Event: 35.977 Thread 0x0000029c9f686030 nmethod 1228 0x0000029c88717010 code [0x0000029c887171c0, 0x0000029c88717388]
Event: 35.977 Thread 0x0000029c9f686030 1229       3       java.lang.invoke.MethodHandles$Lookup::<init> (84 bytes)
Event: 35.977 Thread 0x0000029c9f686030 nmethod 1229 0x0000029c88717490 code [0x0000029c88717640, 0x0000029c88717898]
Event: 35.995 Thread 0x0000029c9f686030 1230       1       java.util.logging.LogManager$LoggerContext::getOwner (5 bytes)
Event: 35.996 Thread 0x0000029c9f686030 nmethod 1230 0x0000029c90025710 code [0x0000029c900258a0, 0x0000029c90025970]
Event: 39.250 Thread 0x0000029c9f686030 1232       3       java.lang.ref.Reference::enqueueFromPending (19 bytes)
Event: 39.250 Thread 0x0000029c9f686030 nmethod 1232 0x0000029c88717990 code [0x0000029c88717b40, 0x0000029c88717d60]
Event: 39.250 Thread 0x0000029c9f686030 1233   !   3       java.lang.ref.NativeReferenceQueue::enqueue (20 bytes)
Event: 39.253 Thread 0x0000029c9f686030 nmethod 1233 0x0000029c88717e10 code [0x0000029c88717fc0, 0x0000029c887181f8]
Event: 39.253 Thread 0x0000029c9f686030 1234       3       java.lang.ref.ReferenceQueue::enqueue0 (98 bytes)
Event: 39.254 Thread 0x0000029c9f686030 nmethod 1234 0x0000029c88718310 code [0x0000029c88718500, 0x0000029c88718b30]

GC Heap History (3 events):
Event: 39.063 GC heap before
{Heap before GC invocations=0 (full 0):
 garbage-first heap   total 262144K, used 14336K [0x0000000701800000, 0x0000000800000000)
  region size 2048K, 8 young (16384K), 0 survivors (0K)
 Metaspace       used 4860K, committed 5120K, reserved 1114112K
  class space    used 571K, committed 704K, reserved 1048576K
}
Event: 39.248 GC heap after
{Heap after GC invocations=1 (full 1):
 garbage-first heap   total 40960K, used 3349K [0x0000000701800000, 0x0000000800000000)
  region size 2048K, 0 young (0K), 0 survivors (0K)
 Metaspace       used 4860K, committed 5120K, reserved 1114112K
  class space    used 571K, committed 704K, reserved 1048576K
}
Event: 64.959 GC heap before
{Heap before GC invocations=1 (full 1):
 garbage-first heap   total 40960K, used 3349K [0x0000000701800000, 0x0000000800000000)
  region size 2048K, 1 young (2048K), 0 survivors (0K)
 Metaspace       used 4860K, committed 5120K, reserved 1114112K
  class space    used 571K, committed 704K, reserved 1048576K
}

Dll operation events (6 events):
Event: 0.657 Loaded shared library c:\Users\jason_qqtrlvq\.vscode\extensions\redhat.java-1.50.0-win32-x64\jre\21.0.9-win32-x86_64\bin\java.dll
Event: 3.216 Loaded shared library C:\Users\jason_qqtrlvq\.vscode\extensions\redhat.java-1.50.0-win32-x64\jre\21.0.9-win32-x86_64\bin\net.dll
Event: 3.420 Loaded shared library C:\Users\jason_qqtrlvq\.vscode\extensions\redhat.java-1.50.0-win32-x64\jre\21.0.9-win32-x86_64\bin\nio.dll
Event: 3.745 Loaded shared library C:\Users\jason_qqtrlvq\.vscode\extensions\redhat.java-1.50.0-win32-x64\jre\21.0.9-win32-x86_64\bin\zip.dll
Event: 3.867 Loaded shared library c:\Users\jason_qqtrlvq\.vscode\extensions\redhat.java-1.50.0-win32-x64\jre\21.0.9-win32-x86_64\bin\zip.dll
Event: 3.993 Loaded shared library C:\Users\jason_qqtrlvq\.vscode\extensions\redhat.java-1.50.0-win32-x64\jre\21.0.9-win32-x86_64\bin\jimage.dll

Deoptimization events (20 events):
Event: 25.338 Thread 0x0000029c9f761630 Uncommon trap: trap_request=0xffffffde fr.pc=0x0000029c90018464 relative=0x0000000000000304
Event: 25.338 Thread 0x0000029c9f761630 Uncommon trap: reason=class_check action=maybe_recompile pc=0x0000029c90018464 method=java.util.regex.Pattern$BmpCharPropertyGreedy.match(Ljava/util/regex/Matcher;ILjava/lang/CharSequence;)Z @ 26 c2
Event: 25.338 Thread 0x0000029c9f761630 DEOPT PACKING pc=0x0000029c90018464 sp=0x000000deb24fdd50
Event: 25.338 Thread 0x0000029c9f761630 DEOPT UNPACKING pc=0x0000029c8fa84422 sp=0x000000deb24fdd08 mode 2
Event: 35.223 Thread 0x0000029c9f8a3830 Uncommon trap: trap_request=0xffffffc6 fr.pc=0x0000029c900197ec relative=0x0000000000000bec
Event: 35.260 Thread 0x0000029c9f8a3830 Uncommon trap: reason=bimorphic_or_optimized_type_check action=maybe_recompile pc=0x0000029c900197ec method=java.util.HashMap.putVal(ILjava/lang/Object;Ljava/lang/Object;ZZ)Ljava/lang/Object; @ 56 c2
Event: 35.340 Thread 0x0000029c9f8a3830 DEOPT PACKING pc=0x0000029c900197ec sp=0x000000deb23fdef0
Event: 35.359 Thread 0x0000029c9f8a3830 DEOPT UNPACKING pc=0x0000029c8fa84422 sp=0x000000deb23fde88 mode 2
Event: 35.359 Thread 0x0000029c9f8a3830 Uncommon trap: trap_request=0xffffffc6 fr.pc=0x0000029c900197ec relative=0x0000000000000bec
Event: 35.359 Thread 0x0000029c9f8a3830 Uncommon trap: reason=bimorphic_or_optimized_type_check action=maybe_recompile pc=0x0000029c900197ec method=java.util.HashMap.putVal(ILjava/lang/Object;Ljava/lang/Object;ZZ)Ljava/lang/Object; @ 56 c2
Event: 35.360 Thread 0x0000029c9f8a3830 DEOPT PACKING pc=0x0000029c900197ec sp=0x000000deb23fdef0
Event: 35.360 Thread 0x0000029c9f8a3830 DEOPT UNPACKING pc=0x0000029c8fa84422 sp=0x000000deb23fde88 mode 2
Event: 35.360 Thread 0x0000029c9f8a3830 Uncommon trap: trap_request=0xffffffc6 fr.pc=0x0000029c900197ec relative=0x0000000000000bec
Event: 35.360 Thread 0x0000029c9f8a3830 Uncommon trap: reason=bimorphic_or_optimized_type_check action=maybe_recompile pc=0x0000029c900197ec method=java.util.HashMap.putVal(ILjava/lang/Object;Ljava/lang/Object;ZZ)Ljava/lang/Object; @ 56 c2
Event: 35.360 Thread 0x0000029c9f8a3830 DEOPT PACKING pc=0x0000029c900197ec sp=0x000000deb23fdef0
Event: 35.360 Thread 0x0000029c9f8a3830 DEOPT UNPACKING pc=0x0000029c8fa84422 sp=0x000000deb23fde88 mode 2
Event: 35.360 Thread 0x0000029c9f8a3830 Uncommon trap: trap_request=0xffffffc6 fr.pc=0x0000029c900197ec relative=0x0000000000000bec
Event: 35.360 Thread 0x0000029c9f8a3830 Uncommon trap: reason=bimorphic_or_optimized_type_check action=maybe_recompile pc=0x0000029c900197ec method=java.util.HashMap.putVal(ILjava/lang/Object;Ljava/lang/Object;ZZ)Ljava/lang/Object; @ 56 c2
Event: 35.360 Thread 0x0000029c9f8a3830 DEOPT PACKING pc=0x0000029c900197ec sp=0x000000deb23fdef0
Event: 35.360 Thread 0x0000029c9f8a3830 DEOPT UNPACKING pc=0x0000029c8fa84422 sp=0x000000deb23fde88 mode 2

Classes loaded (20 events):
Event: 35.952 Loading class jdk/internal/event/Event done
Event: 35.957 Loading class jdk/internal/event/ProcessStartEvent done
Event: 35.957 Loading class jdk/internal/logger/LazyLoggers
Event: 35.964 Loading class jdk/internal/logger/LazyLoggers done
Event: 35.964 Loading class jdk/internal/logger/LazyLoggers$1
Event: 35.970 Loading class jdk/internal/logger/LazyLoggers$1 done
Event: 35.970 Loading class jdk/internal/logger/LazyLoggers$LazyLoggerFactories
Event: 35.976 Loading class jdk/internal/logger/LazyLoggers$LazyLoggerFactories done
Event: 35.982 Loading class jdk/internal/logger/LoggerFinderLoader
Event: 35.983 Loading class jdk/internal/logger/LoggerFinderLoader done
Event: 35.983 Loading class java/io/FilePermission$1
Event: 35.986 Loading class jdk/internal/access/JavaIOFilePermissionAccess
Event: 35.995 Loading class jdk/internal/access/JavaIOFilePermissionAccess done
Event: 35.995 Loading class java/io/FilePermission$1 done
Event: 35.995 Loading class jdk/internal/logger/LoggerFinderLoader$TemporaryLoggerFinder
Event: 35.995 Loading class jdk/internal/logger/LoggerFinderLoader$TemporaryLoggerFinder done
Event: 35.996 Loading class sun/util/logging/internal/LoggingProviderImpl$JULWrapper
Event: 36.013 Loading class sun/util/logging/internal/LoggingProviderImpl$JULWrapper done
Event: 38.844 Loading class java/io/FileOutputStream$1
Event: 38.844 Loading class java/io/FileOutputStream$1 done

Classes unloaded (0 events):
No events

Classes redefined (0 events):
No events

Internal exceptions (18 events):
Event: 4.290 Thread 0x0000029c852ff190 Exception <a 'java/lang/NoSuchMethodError'{0x00000007112222f0}: 'void java.lang.invoke.DirectMethodHandle$Holder.invokeSpecial(java.lang.Object, java.lang.Object, java.lang.Object)'> (0x00000007112222f0) 
thrown [s\src\hotspot\share\interpreter\linkResolver.cpp, line 773]
Event: 4.898 Thread 0x0000029c852ff190 Exception <a 'java/lang/NoSuchMethodError'{0x000000071125cb48}: 'void java.lang.invoke.DirectMethodHandle$Holder.invokeStatic(java.lang.Object, java.lang.Object, java.lang.Object)'> (0x000000071125cb48) 
thrown [s\src\hotspot\share\interpreter\linkResolver.cpp, line 773]
Event: 6.570 Thread 0x0000029c852ff190 Exception <a 'java/lang/NoSuchMethodError'{0x000000071138ca68}: 'void java.lang.invoke.DirectMethodHandle$Holder.invokeStatic(java.lang.Object, java.lang.Object, java.lang.Object, java.lang.Object)'> (0x000000071138ca68) 
thrown [s\src\hotspot\share\interpreter\linkResolver.cpp, line 773]
Event: 8.388 Thread 0x0000029c852ff190 Exception <a 'java/lang/NoSuchMethodError'{0x0000000710f65858}: 'java.lang.Object java.lang.invoke.DirectMethodHandle$Holder.newInvokeSpecial(java.lang.Object, java.lang.Object, java.lang.Object, java.lang.Object, java.lang.Object)'> (0x0000000710f65858) 
thrown [s\src\hotspot\share\interpreter\linkResolver.cpp, line 773]
Event: 8.389 Thread 0x0000029c852ff190 Exception <a 'java/lang/NoSuchMethodError'{0x0000000710f6a6b0}: 'java.lang.Object java.lang.invoke.DirectMethodHandle$Holder.invokeInterface(java.lang.Object, java.lang.Object)'> (0x0000000710f6a6b0) 
thrown [s\src\hotspot\share\interpreter\linkResolver.cpp, line 773]
Event: 8.414 Thread 0x0000029c852ff190 Exception <a 'java/lang/IncompatibleClassChangeError'{0x0000000710f9c9c8}: Found class java.lang.Object, but interface was expected> (0x0000000710f9c9c8) 
thrown [s\src\hotspot\share\interpreter\linkResolver.cpp, line 840]
Event: 8.420 Thread 0x0000029c852ff190 Exception <a 'java/lang/IncompatibleClassChangeError'{0x0000000710fc6508}: Found class java.lang.Object, but interface was expected> (0x0000000710fc6508) 
thrown [s\src\hotspot\share\interpreter\linkResolver.cpp, line 840]
Event: 8.743 Thread 0x0000029c9f761630 Exception <a 'java/lang/NoSuchMethodError'{0x0000000710cc1d58}: 'int java.lang.invoke.DirectMethodHandle$Holder.invokeSpecial(java.lang.Object, java.lang.Object, java.lang.Object)'> (0x0000000710cc1d58) 
thrown [s\src\hotspot\share\interpreter\linkResolver.cpp, line 773]
Event: 8.796 Thread 0x0000029c9f761630 Exception <a 'java/lang/NoSuchMethodError'{0x0000000710d5ba78}: 'void java.lang.invoke.Invokers$Holder.invokeExact_MT(java.lang.Object, java.lang.Object, java.lang.Object, java.lang.Object)'> (0x0000000710d5ba78) 
thrown [s\src\hotspot\share\interpreter\linkResolver.cpp, line 773]
Event: 11.034 Thread 0x0000029c9f761630 Exception <a 'java/lang/NoSuchMethodError'{0x0000000710db98f0}: 'void java.lang.invoke.DelegatingMethodHandle$Holder.reinvoke_L(java.lang.Object, java.lang.Object, int)'> (0x0000000710db98f0) 
thrown [s\src\hotspot\share\interpreter\linkResolver.cpp, line 773]
Event: 11.034 Thread 0x0000029c9f761630 Exception <a 'java/lang/NoSuchMethodError'{0x0000000710dc0540}: 'int java.lang.invoke.Invokers$Holder.invokeExact_MT(java.lang.Object, java.lang.Object, java.lang.Object)'> (0x0000000710dc0540) 
thrown [s\src\hotspot\share\interpreter\linkResolver.cpp, line 773]
Event: 23.116 Thread 0x0000029c9f761630 Exception <a 'java/lang/NoSuchMethodError'{0x0000000710b16698}: 'java.lang.Object java.lang.invoke.DirectMethodHandle$Holder.invokeInterface(java.lang.Object, java.lang.Object, java.lang.Object)'> (0x0000000710b16698) 
thrown [s\src\hotspot\share\interpreter\linkResolver.cpp, line 773]
Event: 24.353 Thread 0x0000029c9f761630 Exception <a 'java/lang/NoSuchMethodError'{0x0000000710ba9660}: 'java.lang.Object java.lang.invoke.DirectMethodHandle$Holder.invokeStatic(java.lang.Object, int, java.lang.Object)'> (0x0000000710ba9660) 
thrown [s\src\hotspot\share\interpreter\linkResolver.cpp, line 773]
Event: 24.467 Thread 0x0000029c9f761630 Exception <a 'java/lang/ClassNotFoundException'{0x0000000710be6bf0}: sun/util/logging/resources/spi/loggingProvider> (0x0000000710be6bf0) 
thrown [s\src\hotspot\share\classfile\systemDictionary.cpp, line 312]
Event: 35.871 Thread 0x0000029c9f8a3830 Exception <a 'java/lang/NoSuchMethodError'{0x00000007112a28e8}: 'void java.lang.invoke.DirectMethodHandle$Holder.invokeStatic(java.lang.Object, long)'> (0x00000007112a28e8) 
thrown [s\src\hotspot\share\interpreter\linkResolver.cpp, line 773]
Event: 35.885 Thread 0x0000029c9f8a3830 Exception <a 'java/lang/NoSuchMethodError'{0x00000007112a7500}: 'java.lang.Object java.lang.invoke.DirectMethodHandle$Holder.newInvokeSpecial(java.lang.Object, long)'> (0x00000007112a7500) 
thrown [s\src\hotspot\share\interpreter\linkResolver.cpp, line 773]
Event: 35.914 Thread 0x0000029c9f8a3830 Exception <a 'java/lang/NoSuchMethodError'{0x00000007112aeb10}: 'java.lang.Object java.lang.invoke.DirectMethodHandle$Holder.invokeStatic(java.lang.Object, long, java.lang.Object)'> (0x00000007112aeb10) 
thrown [s\src\hotspot\share\interpreter\linkResolver.cpp, line 773]
Event: 35.914 Thread 0x0000029c9f8a3830 Exception <a 'java/lang/NoSuchMethodError'{0x00000007112b21a8}: 'java.lang.Object java.lang.invoke.DirectMethodHandle$Holder.invokeStaticInit(java.lang.Object, long, java.lang.Object)'> (0x00000007112b21a8) 
thrown [s\src\hotspot\share\interpreter\linkResolver.cpp, line 773]

ZGC Phase Switch (0 events):
No events

VM Operations (20 events):
Event: 25.196 Executing VM operation: Cleanup done
Event: 26.200 Executing VM operation: Cleanup
Event: 26.200 Executing VM operation: Cleanup done
Event: 27.212 Executing VM operation: Cleanup
Event: 27.212 Executing VM operation: Cleanup done
Event: 28.216 Executing VM operation: Cleanup
Event: 28.216 Executing VM operation: Cleanup done
Event: 35.124 Executing VM operation: HandshakeAllThreads (Deoptimize)
Event: 35.146 Executing VM operation: HandshakeAllThreads (Deoptimize) done
Event: 35.146 Executing VM operation: Cleanup
Event: 35.146 Executing VM operation: Cleanup done
Event: 36.157 Executing VM operation: Cleanup
Event: 36.157 Executing VM operation: Cleanup done
Event: 39.029 Executing VM operation: G1CollectFull (System.gc())
Event: 39.248 Executing VM operation: G1CollectFull (System.gc()) done
Event: 60.744 Executing VM operation: HandshakeAllThreads (HandshakeForDeflation)
Event: 60.745 Executing VM operation: HandshakeAllThreads (HandshakeForDeflation) done
Event: 60.745 Executing VM operation: RendezvousGCThreads
Event: 60.745 Executing VM operation: RendezvousGCThreads done
Event: 64.959 Executing VM operation: G1CollectFull (System.gc())

Memory protections (0 events):
No events

Nmethod flushes (0 events):
No events

Events (19 events):
Event: 1.917 Thread 0x0000029c852ff190 Thread added: 0x0000029c852ff190
Event: 2.745 Thread 0x0000029c852ff190 Thread added: 0x0000029c9f666af0
Event: 2.772 Thread 0x0000029c852ff190 Thread added: 0x0000029c9f667150
Event: 2.800 Thread 0x0000029c852ff190 Thread added: 0x0000029c9f66d240
Event: 2.808 Thread 0x0000029c852ff190 Thread added: 0x0000029c9f66f230
Event: 2.818 Thread 0x0000029c852ff190 Thread added: 0x0000029c9f66f9c0
Event: 2.830 Thread 0x0000029c852ff190 Thread added: 0x0000029c9f670020
Event: 2.841 Thread 0x0000029c852ff190 Thread added: 0x0000029c9f671650
Event: 2.841 Thread 0x0000029c852ff190 Thread added: 0x0000029c9f686030
Event: 3.076 Thread 0x0000029c852ff190 Thread added: 0x0000029c9f82d290
Event: 3.096 Thread 0x0000029c852ff190 Thread added: 0x0000029c9f833ed0
Event: 4.439 Thread 0x0000029c852ff190 Thread added: 0x0000029c9f8a3830
Event: 8.586 Thread 0x0000029c852ff190 Thread added: 0x0000029c9f761630
Event: 8.593 Thread 0x0000029c852ff190 Thread exited: 0x0000029c852ff190
Event: 8.602 Thread 0x0000029c852ff190 Thread added: 0x0000029c852ff190
Event: 23.115 Thread 0x0000029c9f686030 Thread added: 0x0000029c9f6f0b40
Event: 23.734 Thread 0x0000029c9f6f0b40 Thread exited: 0x0000029c9f6f0b40
Event: 24.300 Thread 0x0000029c9f686030 Thread added: 0x0000029c9f7fa820
Event: 24.622 Thread 0x0000029c9f7fa820 Thread exited: 0x0000029c9f7fa820


Dynamic libraries:
0x00007ff652970000 - 0x00007ff65297e000 	c:\Users\jason_qqtrlvq\.vscode\extensions\redhat.java-1.50.0-win32-x64\jre\21.0.9-win32-x86_64\bin\java.exe
0x00007ffde85e0000 - 0x00007ffde8848000 	C:\WINDOWS\SYSTEM32\ntdll.dll
0x00007ffde6be0000 - 0x00007ffde6ca9000 	C:\WINDOWS\System32\KERNEL32.DLL
0x00007ffde5960000 - 0x00007ffde5d58000 	C:\WINDOWS\System32\KERNELBASE.dll
0x00007ffde5d60000 - 0x00007ffde5eab000 	C:\WINDOWS\System32\ucrtbase.dll
0x00007ffdc8950000 - 0x00007ffdc8968000 	c:\Users\jason_qqtrlvq\.vscode\extensions\redhat.java-1.50.0-win32-x64\jre\21.0.9-win32-x86_64\bin\jli.dll
0x00007ffdc8190000 - 0x00007ffdc81ae000 	c:\Users\jason_qqtrlvq\.vscode\extensions\redhat.java-1.50.0-win32-x64\jre\21.0.9-win32-x86_64\bin\VCRUNTIME140.dll
0x00007ffde6830000 - 0x00007ffde69f7000 	C:\WINDOWS\System32\USER32.dll
0x00007ffdcf280000 - 0x00007ffdcf514000 	C:\WINDOWS\WinSxS\amd64_microsoft.windows.common-controls_6595b64144ccf1df_6.0.26100.7019_none_3e06ffa0e335b8a8\COMCTL32.dll
0x00007ffde5880000 - 0x00007ffde58a7000 	C:\WINDOWS\System32\win32u.dll
0x00007ffde7940000 - 0x00007ffde796b000 	C:\WINDOWS\System32\GDI32.dll
0x00007ffde6250000 - 0x00007ffde637c000 	C:\WINDOWS\System32\gdi32full.dll
0x00007ffde7e70000 - 0x00007ffde7f19000 	C:\WINDOWS\System32\msvcrt.dll
0x00007ffde58b0000 - 0x00007ffde5953000 	C:\WINDOWS\System32\msvcp_win.dll
0x00007ffde8560000 - 0x00007ffde8591000 	C:\WINDOWS\System32\IMM32.DLL
0x00007ffdce1d0000 - 0x00007ffdce1dc000 	c:\Users\jason_qqtrlvq\.vscode\extensions\redhat.java-1.50.0-win32-x64\jre\21.0.9-win32-x86_64\bin\vcruntime140_1.dll
0x00007ffd65570000 - 0x00007ffd655fd000 	c:\Users\jason_qqtrlvq\.vscode\extensions\redhat.java-1.50.0-win32-x64\jre\21.0.9-win32-x86_64\bin\msvcp140.dll
0x00007ffd012e0000 - 0x00007ffd02080000 	c:\Users\jason_qqtrlvq\.vscode\extensions\redhat.java-1.50.0-win32-x64\jre\21.0.9-win32-x86_64\bin\server\jvm.dll
0x00007ffde6b20000 - 0x00007ffde6bd4000 	C:\WINDOWS\System32\ADVAPI32.dll
0x00007ffde82b0000 - 0x00007ffde8356000 	C:\WINDOWS\System32\sechost.dll
0x00007ffde6a00000 - 0x00007ffde6b18000 	C:\WINDOWS\System32\RPCRT4.dll
0x00007ffde8360000 - 0x00007ffde83d4000 	C:\WINDOWS\System32\WS2_32.dll
0x00007ffdd7d10000 - 0x00007ffdd7d45000 	C:\WINDOWS\SYSTEM32\WINMM.dll
0x00007ffde5590000 - 0x00007ffde55ee000 	C:\WINDOWS\SYSTEM32\POWRPROF.dll
0x00007ffddf300000 - 0x00007ffddf30b000 	C:\WINDOWS\SYSTEM32\VERSION.dll
0x00007ffde54c0000 - 0x00007ffde54d4000 	C:\WINDOWS\SYSTEM32\UMPDC.dll
0x00007ffde44b0000 - 0x00007ffde44cb000 	C:\WINDOWS\SYSTEM32\kernel.appcore.dll
0x00007ffdc8910000 - 0x00007ffdc891a000 	c:\Users\jason_qqtrlvq\.vscode\extensions\redhat.java-1.50.0-win32-x64\jre\21.0.9-win32-x86_64\bin\jimage.dll
0x00007ffdd9030000 - 0x00007ffdd9272000 	C:\WINDOWS\SYSTEM32\DBGHELP.DLL
0x00007ffde7f20000 - 0x00007ffde82ab000 	C:\WINDOWS\System32\combase.dll
0x00007ffde7000000 - 0x00007ffde70d7000 	C:\WINDOWS\System32\OLEAUT32.dll
0x00007ffdc6bd0000 - 0x00007ffdc6c0c000 	C:\WINDOWS\SYSTEM32\dbgcore.DLL
0x00007ffde5eb0000 - 0x00007ffde5f55000 	C:\WINDOWS\System32\bcryptPrimitives.dll
0x00007ffdc8150000 - 0x00007ffdc8170000 	c:\Users\jason_qqtrlvq\.vscode\extensions\redhat.java-1.50.0-win32-x64\jre\21.0.9-win32-x86_64\bin\java.dll
0x00007ffde71e0000 - 0x00007ffde792f000 	C:\WINDOWS\System32\SHELL32.dll
0x00007ffde5f60000 - 0x00007ffde60cb000 	C:\WINDOWS\System32\wintypes.dll
0x00007ffde3330000 - 0x00007ffde3b8d000 	C:\WINDOWS\SYSTEM32\windows.storage.dll
0x00007ffde7b10000 - 0x00007ffde7c02000 	C:\WINDOWS\System32\SHCORE.dll
0x00007ffde6cb0000 - 0x00007ffde6d17000 	C:\WINDOWS\System32\shlwapi.dll
0x00007ffde5650000 - 0x00007ffde5679000 	C:\WINDOWS\SYSTEM32\profapi.dll
0x00007ffd9dfd0000 - 0x00007ffd9dfe0000 	C:\Users\jason_qqtrlvq\.vscode\extensions\redhat.java-1.50.0-win32-x64\jre\21.0.9-win32-x86_64\bin\net.dll
0x00007ffddce40000 - 0x00007ffddcf68000 	C:\WINDOWS\SYSTEM32\WINHTTP.dll
0x00007ffde4a10000 - 0x00007ffde4a7b000 	C:\WINDOWS\system32\mswsock.dll
0x00007ffd94ab0000 - 0x00007ffd94ac6000 	C:\Users\jason_qqtrlvq\.vscode\extensions\redhat.java-1.50.0-win32-x64\jre\21.0.9-win32-x86_64\bin\nio.dll
0x00007ffd957b0000 - 0x00007ffd957c8000 	C:\Users\jason_qqtrlvq\.vscode\extensions\redhat.java-1.50.0-win32-x64\jre\21.0.9-win32-x86_64\bin\zip.dll

JVMTI agents: none

dbghelp: loaded successfully - version: 4.0.5 - missing functions: none
symbol engine: initialized successfully - sym options: 0x614 - pdb path: .;c:\Users\jason_qqtrlvq\.vscode\extensions\redhat.java-1.50.0-win32-x64\jre\21.0.9-win32-x86_64\bin;C:\WINDOWS\SYSTEM32;C:\WINDOWS\WinSxS\amd64_microsoft.windows.common-controls_6595b64144ccf1df_6.0.26100.7019_none_3e06ffa0e335b8a8;c:\Users\jason_qqtrlvq\.vscode\extensions\redhat.java-1.50.0-win32-x64\jre\21.0.9-win32-x86_64\bin\server

VM Arguments:
java_command: c:\Users\jason_qqtrlvq\.vscode\extensions\open-liberty.liberty-dev-vscode-ext-25.0.11\jars\org.eclipse.lsp4jakarta.ls-0.2.5-jar-with-dependencies.jar
java_class_path (initial): c:\Users\jason_qqtrlvq\.vscode\extensions\open-liberty.liberty-dev-vscode-ext-25.0.11\jars\org.eclipse.lsp4jakarta.ls-0.2.5-jar-with-dependencies.jar
Launcher Type: SUN_STANDARD

[Global flags]
     intx CICompilerCount                          = 4                                         {product} {ergonomic}
     uint ConcGCThreads                            = 3                                         {product} {ergonomic}
     uint G1ConcRefinementThreads                  = 10                                        {product} {ergonomic}
   size_t G1HeapRegionSize                         = 2097152                                   {product} {ergonomic}
    uintx GCDrainStackTargetSize                   = 64                                        {product} {ergonomic}
   size_t InitialHeapSize                          = 268435456                                 {product} {ergonomic}
   size_t MarkStackSize                            = 4194304                                   {product} {ergonomic}
   size_t MaxHeapSize                              = 4269801472                                {product} {ergonomic}
   size_t MaxNewSize                               = 2560622592                                {product} {ergonomic}
   size_t MinHeapDeltaBytes                        = 2097152                                   {product} {ergonomic}
   size_t MinHeapSize                              = 8388608                                   {product} {ergonomic}
    uintx NonNMethodCodeHeapSize                   = 5839372                                {pd product} {ergonomic}
    uintx NonProfiledCodeHeapSize                  = 122909434                              {pd product} {ergonomic}
    uintx ProfiledCodeHeapSize                     = 122909434                              {pd product} {ergonomic}
    uintx ReservedCodeCacheSize                    = 251658240                              {pd product} {ergonomic}
     bool SegmentedCodeCache                       = true                                      {product} {ergonomic}
   size_t SoftMaxHeapSize                          = 4269801472                             {manageable} {ergonomic}
     bool UseCompressedOops                        = true                           {product lp64_product} {ergonomic}
     bool UseG1GC                                  = true                                      {product} {ergonomic}
     bool UseLargePagesIndividualAllocation        = false                                  {pd product} {ergonomic}

Logging:
Log output configuration:
 #0: stdout all=warning uptime,level,tags foldmultilines=false
 #1: stderr all=off uptime,level,tags foldmultilines=false

Release file:
JAVA_VERSION="21.0.9" 
MODULES="java.base java.compiler java.datatransfer java.xml java.prefs java.desktop java.instrument java.logging java.management java.security.sasl java.naming java.rmi java.management.rmi java.net.http java.scripting java.security.jgss java.transaction.xa java.sql java.sql.rowset java.xml.crypto java.se java.smartcardio jdk.accessibility jdk.internal.jvmstat jdk.attach jdk.charsets jdk.internal.opt jdk.zipfs jdk.compiler jdk.crypto.ec jdk.crypto.cryptoki jdk.crypto.mscapi jdk.dynalink jdk.internal.ed jdk.editpad jdk.hotspot.agent jdk.httpserver jdk.internal.le jdk.internal.vm.ci jdk.internal.vm.compiler jdk.internal.vm.compiler.management jdk.jartool jdk.javadoc jdk.jcmd jdk.management jdk.management.agent jdk.jconsole jdk.jdeps jdk.jdwp.agent jdk.jdi jdk.jfr jdk.jshell jdk.jsobject jdk.jstatd jdk.localedata jdk.management.jfr jdk.naming.dns jdk.naming.rmi jdk.net jdk.nio.mapmode jdk.random jdk.sctp jdk.security.auth jdk.security.jgss jdk.unsupported jdk.unsupported.desktop jdk.xml.dom" 

Environment Variables:
JAVA_HOME=C:\Program Files\Java\jdk-17
CLASSPATH=.;C:\PROGRA~1\IBM\SQLLIB\java\db2java.zip;C:\PROGRA~1\IBM\SQLLIB\java\db2jcc4.jar;C:\PROGRA~1\IBM\SQLLIB\java\sqlj4.zip;C:\PROGRA~1\IBM\SQLLIB\java\db2jcc_license_cisuz.jar;C:\PROGRA~1\IBM\SQLLIB\java\db2jcc_license_cu.jar;C:\PROGRA~1\IBM\SQLLIB\bin;C:\PROGRA~1\IBM\SQLLIB\java\common.jar
PATH=C:\Program Files\Java\jdk-17\bin;C:\Users\jason\AppData\Roaming\Microsoft\Windows\Start Menu\Programs\Python 3.11\Scripts\;C:\Users\jason\AppData\Roaming\Microsoft\Windows\Start Menu\Programs\Python 3.11;C:\Program Files (x86)\Razer Chroma SDK\bin;C:\Program Files\Razer Chroma SDK\bin;C:\Program Files (x86)\Razer\ChromaBroadcast\bin;C:\Program Files\Razer\ChromaBroadcast\bin;C:\windows\system32;C:\windows;C:\windows\System32\Wbem;C:\windows\System32\WindowsPowerShell\v1.0\;C:\windows\System32\OpenSSH\;C:\Program Files (x86)\NVIDIA Corporation\PhysX\Common;C:\Program Files (x86)\Common Files\Acronis\SnapAPI\;C:\Program Files (x86)\Common Files\Acronis\VirtualFile\;C:\Program Files (x86)\Common Files\Acronis\VirtualFile64\;C:\windows\system32\config\systemprofile\AppData\Local\Microsoft\WindowsApps;C:\Program Files\Microsoft SQL Server\130\Tools\Binn\;C:\Program Files\Microsoft SQL Server\Client SDK\ODBC\170\Tools\Binn\;C:\Program Files (x86)\Microsoft Visual Studio\Shared\Python37_64\;C:\Program Files\dotnet\;C:\WINDOWS\system32;C:\WINDOWS;C:\WINDOWS\System32\Wbem;C:\WINDOWS\System32\WindowsPowerShell\v1.0\;C:\WINDOWS\System32\OpenSSH\;C:\Program Files\Git\cmd;I:\Program Files\Go\bin;C:\Program Files\ibm\gsk8\lib64;C:\Program Files (x86)\ibm\gsk8\lib;C:\PROGRA~1\IBM\SQLLIB\BIN;C:\PROGRA~1\IBM\SQLLIB\FUNCTION;C:\PROGRA~1\IBM\SQLLIB\SAMPLES\REPL;F:\Maven\apache-maven-3.9.4\bin;C:\Program Files\Docker\Docker\resources\bin;C:\Program Files (x86)\Common Files\Acronis\FileProtector\;C:\Program Files (x86)\Common Files\Acronis\FileProtector64\;C:\Program Files\NVIDIA Corporation\NVIDIA NvDLISR;C:\Program Files\OpenSSL-Win64\bin;C:\Users\jason_qqtrlvq\AppData\Local\Microsoft\WindowsApps;F:\ProgramFiles\Microsoft VS Code\bin;
USERNAME=jason_qqtrlvq
OS=Windows_NT
PROCESSOR_IDENTIFIER=Intel64 Family 6 Model 165 Stepping 3, GenuineIntel
TMP=C:\Users\jason_qqtrlvq\AppData\Local\Temp
TEMP=C:\Users\jason_qqtrlvq\AppData\Local\Temp




Periodic native trim disabled

---------------  S Y S T E M  ---------------

OS:
 Windows 11 , 64 bit Build 26100 (10.0.26100.7019)
OS uptime: 8 days 6:45 hours
Hyper-V role detected

CPU: total 12 (initial active 12) (6 cores per cpu, 2 threads per core) family 6 model 165 stepping 3 microcode 0xe0, cx8, cmov, fxsr, ht, mmx, 3dnowpref, sse, sse2, sse3, ssse3, sse4.1, sse4.2, popcnt, lzcnt, tsc, tscinvbit, avx, avx2, aes, erms, clmul, bmi1, bmi2, adx, fma, vzeroupper, clflush, clflushopt, hv, rdtscp, f16c
Processor Information for the first 12 processors :
  Max Mhz: 3312, Current Mhz: 3312, Mhz Limit: 3312

Memory: 4k page, system-wide physical 16284M (1312M free)
TotalPageFile size 65436M (AvailPageFile size 3M)
current process WorkingSet (physical memory assigned to process): 8M, peak: 42M
current process commit charge ("private bytes"): 132M, peak: 367M

vm_info: OpenJDK 64-Bit Server VM (21.0.9+10-LTS) for windows-amd64 JRE (21.0.9+10-LTS), built on 2025-10-21T00:00:00Z by "admin" with unknown MS VC++:1942

END.
